========================================
 DTLS 1.3 PQC Server (Mutual Auth)
========================================
 Key Exchange: ML-KEM-512 (Kyber)
 Authentication: Dilithium Level 2
 Mode: Certificate-based Mutual Auth
========================================

[Server] ✓ Server-only authentication configured
[Server] ✓ PQC ciphers configured
[Server] Loading server certificate from ../pqc_certs/server-cert-final.der...
[Server] ✓ Server certificate loaded (3881 bytes)
[Server] Loading server key from ../pqc_certs/server-key-asn1.der...
[Server] ✓ Server private key loaded (2588 bytes)
[Server] Loading CA certificate from ../pqc_certs/ca-cert-final.der...
[Server] ✓ CA certificate loaded (3905 bytes)
[Server] Listening on 0.0.0.0:4444 (DTLS 1.3 with PQC)
[Server] Key Exchange: ML-KEM-512
[Server] Authentication: ML-DSA (Dilithium) Level 2
[Server] Waiting for client connection...

[Server] ═══════════════════════════════════════
[Server] Listening for ClientHello on UDP...
[Server] ═══════════════════════════════════════
