usage: {'description': 'LiteX SoC Simulation utility'} [-h] [--log-filename LOG_FILENAME] [--log-level LOG_LEVEL]
                                                       [--rom-init ROM_INIT] [--ram-init RAM_INIT] [--with-sdram]
                                                       [--with-sdram-bist] [--sdram-module SDRAM_MODULE]
                                                       [--sdram-data-width SDRAM_DATA_WIDTH] [--sdram-init SDRAM_INIT]
                                                       [--sdram-from-spd-dump SDRAM_FROM_SPD_DUMP]
                                                       [--sdram-verbosity SDRAM_VERBOSITY] [--with-ethernet]
                                                       [--ethernet-phy-model ETHERNET_PHY_MODEL] [--with-etherbone]
                                                       [--local-ip LOCAL_IP] [--remote-ip REMOTE_IP] [--with-sdcard]
                                                       [--with-spi-flash] [--spi_flash-init SPI_FLASH_INIT] [--with-i2c]
                                                       [--with-jtagremote] [--with-gpio] [--with-analyzer]
                                                       [--with-video-framebuffer] [--with-video-terminal]
                                                       [--with-video-colorbars] [--video-vsync] [--sim-debug]
                                                       [--gtkwave-savefile] [--non-interactive]
                                                       [--output-dir OUTPUT_DIR] [--gateware-dir GATEWARE_DIR]
                                                       [--software-dir SOFTWARE_DIR] [--include-dir INCLUDE_DIR]
                                                       [--generated-dir GENERATED_DIR] [--build-backend BUILD_BACKEND]
                                                       [--no-compile] [--no-compile-software] [--no-compile-gateware]
                                                       [--soc-csv SOC_CSV] [--soc-json SOC_JSON] [--soc-svd SOC_SVD]
                                                       [--memory-x MEMORY_X] [--doc] [--bios-lto]
                                                       [--bios-format {integer,float,double}]
                                                       [--bios-console {full,no-history,no-autocomplete,lite,disable}]
                                                       [--bus-standard BUS_STANDARD] [--bus-data-width BUS_DATA_WIDTH]
                                                       [--bus-address-width BUS_ADDRESS_WIDTH]
                                                       [--bus-timeout BUS_TIMEOUT] [--bus-bursting]
                                                       [--bus-interconnect BUS_INTERCONNECT] [--cpu-type CPU_TYPE]
                                                       [--cpu-variant CPU_VARIANT]
                                                       [--cpu-reset-address CPU_RESET_ADDRESS] [--cpu-cfu CPU_CFU]
                                                       [--no-ctrl] [--integrated-rom-size INTEGRATED_ROM_SIZE]
                                                       [--integrated-rom-init INTEGRATED_ROM_INIT]
                                                       [--integrated-sram-size INTEGRATED_SRAM_SIZE]
                                                       [--integrated-main-ram-size INTEGRATED_MAIN_RAM_SIZE]
                                                       [--csr-data-width CSR_DATA_WIDTH]
                                                       [--csr-address-width CSR_ADDRESS_WIDTH] [--csr-paging CSR_PAGING]
                                                       [--csr-ordering CSR_ORDERING] [--ident IDENT]
                                                       [--no-ident-version] [--no-uart] [--uart-name UART_NAME]
                                                       [--uart-baudrate UART_BAUDRATE]
                                                       [--uart-fifo-depth UART_FIFO_DEPTH] [--with-uartbone]
                                                       [--with-jtagbone] [--jtagbone-chain JTAGBONE_CHAIN] [--no-timer]
                                                       [--timer-uptime] [--with-watchdog]
                                                       [--watchdog-width WATCHDOG_WIDTH]
                                                       [--watchdog-reset-delay WATCHDOG_RESET_DELAY] [--l2-size L2_SIZE]
                                                       [--jobs JOBS] [--threads THREADS] [--trace] [--trace-fst]
                                                       [--trace-start TRACE_START] [--trace-end TRACE_END]
                                                       [--opt-level OPT_LEVEL] [--load-start LOAD_START]
                                                       [--save-start SAVE_START]
{'description': 'LiteX SoC Simulation utility'}: error: unrecognized arguments: --with-gdb-stub --gdb-port=3333
