============================================================
 UART-to-UDP Bridge for DTLS 1.3 PQC
  TCP  : 127.0.0.1:1234
  UDP  : 127.0.0.1:4444
  Local UDP bind IP: 127.0.0.1
============================================================
[BRIDGE] Connecting to LiteX UART TCP at 127.0.0.1:1234 ...
[BRIDGE] Connected to LiteX TCP UART.
[BRIDGE] TCP->UDP worker started (Smart Buffering Mode)
[BRIDGE] UDP->TCP worker started
[BRIDGE] TCP recv 2 bytes. Total buf: 2
[BRIDGE] TCP recv 1 bytes. Total buf: 3
[BRIDGE] TCP recv 1 bytes. Total buf: 4
[BRIDGE] TCP recv 1 bytes. Total buf: 5
[BRIDGE] TCP recv 1 bytes. Total buf: 6
[BRIDGE] TCP recv 1 bytes. Total buf: 7
[BRIDGE] TCP recv 1 bytes. Total buf: 8
[BRIDGE] TCP recv 1 bytes. Total buf: 9
[BRIDGE] TCP recv 2 bytes. Total buf: 11
[BRIDGE] TCP recv 1 bytes. Total buf: 12
[BRIDGE] TCP recv 1 bytes. Total buf: 13
[BRIDGE] TCP recv 1 bytes. Total buf: 14
[BRIDGE] TCP recv 1 bytes. Total buf: 15
[BRIDGE] TCP recv 1 bytes. Total buf: 16
[BRIDGE] TCP recv 1 bytes. Total buf: 17
[BRIDGE] TCP recv 1 bytes. Total buf: 18
[BRIDGE] TCP recv 1 bytes. Total buf: 19
[BRIDGE] TCP recv 1 bytes. Total buf: 20
[BRIDGE] TCP recv 1 bytes. Total buf: 21
[BRIDGE] TCP recv 1 bytes. Total buf: 22
[BRIDGE] TCP recv 1 bytes. Total buf: 23
[BRIDGE] TCP recv 1 bytes. Total buf: 24
[BRIDGE] TCP recv 1 bytes. Total buf: 25
[BRIDGE] TCP recv 1 bytes. Total buf: 26
[BRIDGE] TCP recv 1 bytes. Total buf: 27
[BRIDGE] TCP recv 1 bytes. Total buf: 28
[BRIDGE] TCP recv 1 bytes. Total buf: 29
[BRIDGE] TCP recv 1 bytes. Total buf: 30
[BRIDGE] TCP recv 1 bytes. Total buf: 31
[BRIDGE] TCP recv 1 bytes. Total buf: 32
[BRIDGE] TCP recv 1 bytes. Total buf: 33
[BRIDGE] TCP recv 1 bytes. Total buf: 34
[BRIDGE] TCP recv 1 bytes. Total buf: 35
[BRIDGE] TCP recv 1 bytes. Total buf: 36
[BRIDGE] TCP recv 1 bytes. Total buf: 37
[BRIDGE] TCP recv 1 bytes. Total buf: 38
[BRIDGE] TCP recv 1 bytes. Total buf: 39
[BRIDGE] TCP recv 1 bytes. Total buf: 40
[BRIDGE] TCP recv 1 bytes. Total buf: 41
[BRIDGE] TCP recv 1 bytes. Total buf: 42
[BRIDGE] TCP recv 1 bytes. Total buf: 43
[BRIDGE] TCP recv 1 bytes. Total buf: 44
[BRIDGE] TCP recv 1 bytes. Total buf: 45
[BRIDGE] TCP recv 1 bytes. Total buf: 46
[BRIDGE] TCP recv 1 bytes. Total buf: 47
[BRIDGE] TCP recv 1 bytes. Total buf: 48
[BRIDGE] TCP recv 1 bytes. Total buf: 49
[BRIDGE] TCP recv 1 bytes. Total buf: 50
[BRIDGE] TCP recv 1 bytes. Total buf: 51
[BRIDGE] TCP recv 1 bytes. Total buf: 52
[BRIDGE] TCP recv 1 bytes. Total buf: 53
[BRIDGE] TCP recv 1 bytes. Total buf: 54
[BRIDGE] TCP recv 1 bytes. Total buf: 55
[BRIDGE] TCP recv 1 bytes. Total buf: 56
[BRIDGE] TCP recv 1 bytes. Total buf: 57
[BRIDGE] TCP recv 1 bytes. Total buf: 58
[BRIDGE] TCP recv 1 bytes. Total buf: 59
[BRIDGE] TCP recv 1 bytes. Total buf: 60
[BRIDGE] TCP recv 1 bytes. Total buf: 61
[BRIDGE] TCP recv 1 bytes. Total buf: 62
[BRIDGE] TCP recv 1 bytes. Total buf: 63
[BRIDGE] TCP recv 1 bytes. Total buf: 64
[BRIDGE] TCP recv 1 bytes. Total buf: 65
[BRIDGE] TCP recv 1 bytes. Total buf: 66
[BRIDGE] TCP recv 1 bytes. Total buf: 67
[BRIDGE] TCP recv 1 bytes. Total buf: 68
[BRIDGE] TCP recv 1 bytes. Total buf: 69
[BRIDGE] TCP recv 1 bytes. Total buf: 70
[BRIDGE] TCP recv 1 bytes. Total buf: 71
[BRIDGE] TCP recv 1 bytes. Total buf: 72
[BRIDGE] TCP recv 1 bytes. Total buf: 73
[BRIDGE] TCP recv 1 bytes. Total buf: 74
[BRIDGE] TCP recv 1 bytes. Total buf: 75
[BRIDGE] TCP recv 1 bytes. Total buf: 76
[BRIDGE] TCP recv 1 bytes. Total buf: 77
[BRIDGE] TCP recv 1 bytes. Total buf: 78
[BRIDGE] TCP recv 1 bytes. Total buf: 79
[BRIDGE] TCP recv 1 bytes. Total buf: 80
[BRIDGE] TCP recv 1 bytes. Total buf: 81
[BRIDGE] TCP recv 1 bytes. Total buf: 82
[BRIDGE] TCP recv 1 bytes. Total buf: 83
[BRIDGE] TCP recv 1 bytes. Total buf: 84
[BRIDGE] TCP recv 1 bytes. Total buf: 85
[BRIDGE] TCP recv 1 bytes. Total buf: 86
[BRIDGE] TCP recv 1 bytes. Total buf: 87
[BRIDGE] TCP recv 1 bytes. Total buf: 88
[BRIDGE] TCP recv 1 bytes. Total buf: 89
[BRIDGE] TCP recv 1 bytes. Total buf: 90
[BRIDGE] TCP recv 1 bytes. Total buf: 91
[BRIDGE] TCP recv 1 bytes. Total buf: 92
[BRIDGE] TCP recv 1 bytes. Total buf: 93
[BRIDGE] TCP recv 1 bytes. Total buf: 94
[BRIDGE] TCP recv 1 bytes. Total buf: 95
[BRIDGE] TCP recv 1 bytes. Total buf: 96
[BRIDGE] TCP recv 1 bytes. Total buf: 97
[BRIDGE] TCP recv 1 bytes. Total buf: 98
[BRIDGE] TCP recv 1 bytes. Total buf: 99
[BRIDGE] TCP recv 1 bytes. Total buf: 100
[BRIDGE] TCP recv 1 bytes. Total buf: 101
[BRIDGE] TCP recv 1 bytes. Total buf: 102
[BRIDGE] TCP recv 1 bytes. Total buf: 103
[BRIDGE] TCP recv 1 bytes. Total buf: 104
[BRIDGE] TCP recv 1 bytes. Total buf: 105
[BRIDGE] TCP recv 1 bytes. Total buf: 106
[BRIDGE] TCP recv 1 bytes. Total buf: 107
[BRIDGE] TCP recv 1 bytes. Total buf: 108
[BRIDGE] TCP recv 1 bytes. Total buf: 109
[BRIDGE] TCP recv 1 bytes. Total buf: 110
[BRIDGE] TCP recv 1 bytes. Total buf: 111
[BRIDGE] TCP recv 1 bytes. Total buf: 112
[BRIDGE] TCP recv 1 bytes. Total buf: 113
[BRIDGE] TCP recv 1 bytes. Total buf: 114
[BRIDGE] TCP recv 1 bytes. Total buf: 115
[BRIDGE] TCP recv 1 bytes. Total buf: 116
[BRIDGE] TCP recv 1 bytes. Total buf: 117
[BRIDGE] TCP recv 1 bytes. Total buf: 118
[BRIDGE] TCP recv 1 bytes. Total buf: 119
[BRIDGE] TCP recv 1 bytes. Total buf: 120
[BRIDGE] TCP recv 1 bytes. Total buf: 121
[BRIDGE] TCP recv 1 bytes. Total buf: 122
[BRIDGE] TCP recv 1 bytes. Total buf: 123
[BRIDGE] TCP recv 1 bytes. Total buf: 124
[BRIDGE] TCP recv 1 bytes. Total buf: 125
[BRIDGE] TCP recv 1 bytes. Total buf: 126
[BRIDGE] TCP recv 1 bytes. Total buf: 127
[BRIDGE] TCP recv 1 bytes. Total buf: 128
[BRIDGE] TCP recv 1 bytes. Total buf: 129
[BRIDGE] TCP recv 1 bytes. Total buf: 130
[BRIDGE] TCP recv 1 bytes. Total buf: 131
[BRIDGE] TCP recv 1 bytes. Total buf: 132
[BRIDGE] TCP recv 1 bytes. Total buf: 133
[BRIDGE] TCP recv 1 bytes. Total buf: 134
[BRIDGE] TCP recv 1 bytes. Total buf: 135
[BRIDGE] TCP recv 1 bytes. Total buf: 136
[BRIDGE] TCP recv 1 bytes. Total buf: 137
[BRIDGE] TCP recv 1 bytes. Total buf: 138
[BRIDGE] TCP recv 1 bytes. Total buf: 139
[BRIDGE] TCP recv 1 bytes. Total buf: 140
[BRIDGE] TCP recv 1 bytes. Total buf: 141
[BRIDGE] TCP recv 1 bytes. Total buf: 142
[BRIDGE] TCP recv 1 bytes. Total buf: 143
[BRIDGE] TCP recv 1 bytes. Total buf: 144
[BRIDGE] TCP recv 1 bytes. Total buf: 145
[BRIDGE] TCP recv 1 bytes. Total buf: 146
[BRIDGE] TCP recv 1 bytes. Total buf: 147
[BRIDGE] TCP recv 1 bytes. Total buf: 148
[BRIDGE] TCP recv 1 bytes. Total buf: 149
[BRIDGE] TCP recv 1 bytes. Total buf: 150
[BRIDGE] TCP recv 1 bytes. Total buf: 151
[BRIDGE] TCP recv 1 bytes. Total buf: 152
[BRIDGE] TCP recv 1 bytes. Total buf: 153
[BRIDGE] TCP recv 1 bytes. Total buf: 154
[BRIDGE] TCP recv 1 bytes. Total buf: 155
[BRIDGE] TCP recv 1 bytes. Total buf: 156
[BRIDGE] TCP recv 1 bytes. Total buf: 157
[BRIDGE] TCP recv 1 bytes. Total buf: 158
[BRIDGE] TCP recv 1 bytes. Total buf: 159
[BRIDGE] TCP recv 1 bytes. Total buf: 160
[BRIDGE] TCP recv 1 bytes. Total buf: 161
[BRIDGE] TCP recv 1 bytes. Total buf: 162
[BRIDGE] TCP recv 1 bytes. Total buf: 163
[BRIDGE] TCP recv 1 bytes. Total buf: 164
[BRIDGE] TCP recv 1 bytes. Total buf: 165
[BRIDGE] TCP recv 1 bytes. Total buf: 166
[BRIDGE] TCP recv 1 bytes. Total buf: 167
[BRIDGE] TCP recv 1 bytes. Total buf: 168
[BRIDGE] TCP recv 1 bytes. Total buf: 169
[BRIDGE] TCP recv 1 bytes. Total buf: 170
[BRIDGE] TCP recv 1 bytes. Total buf: 171
[BRIDGE] TCP recv 1 bytes. Total buf: 172
[BRIDGE] TCP recv 1 bytes. Total buf: 173
[BRIDGE] TCP recv 1 bytes. Total buf: 174
[BRIDGE] TCP recv 1 bytes. Total buf: 175
[BRIDGE] TCP recv 1 bytes. Total buf: 176
[BRIDGE] TCP recv 1 bytes. Total buf: 177
[BRIDGE] TCP recv 1 bytes. Total buf: 178
[BRIDGE] TCP recv 1 bytes. Total buf: 179
[BRIDGE] TCP recv 1 bytes. Total buf: 180
[BRIDGE] TCP recv 1 bytes. Total buf: 181
[BRIDGE] TCP recv 1 bytes. Total buf: 182
[BRIDGE] TCP recv 1 bytes. Total buf: 183
[BRIDGE] TCP recv 1 bytes. Total buf: 184
[BRIDGE] TCP recv 1 bytes. Total buf: 185
[BRIDGE] TCP recv 1 bytes. Total buf: 186
[BRIDGE] TCP recv 1 bytes. Total buf: 187
[BRIDGE] TCP recv 1 bytes. Total buf: 188
[BRIDGE] TCP recv 1 bytes. Total buf: 189
[BRIDGE] TCP recv 1 bytes. Total buf: 190
[BRIDGE] TCP recv 1 bytes. Total buf: 191
[BRIDGE] TCP recv 1 bytes. Total buf: 192
[BRIDGE] TCP recv 1 bytes. Total buf: 193
[BRIDGE] TCP recv 1 bytes. Total buf: 194
[BRIDGE] TCP recv 1 bytes. Total buf: 195
[BRIDGE] TCP recv 1 bytes. Total buf: 196
[BRIDGE] TCP recv 1 bytes. Total buf: 197
[BRIDGE] TCP recv 1 bytes. Total buf: 198
[BRIDGE] TCP recv 1 bytes. Total buf: 199
[BRIDGE] TCP recv 1 bytes. Total buf: 200
[BRIDGE] TCP recv 1 bytes. Total buf: 201
[BRIDGE] TCP recv 1 bytes. Total buf: 202
[BRIDGE] TCP recv 1 bytes. Total buf: 203
[BRIDGE] TCP recv 1 bytes. Total buf: 204
[BRIDGE] TCP recv 1 bytes. Total buf: 205
[BRIDGE] TCP recv 1 bytes. Total buf: 206
[BRIDGE] TCP recv 1 bytes. Total buf: 207
[BRIDGE] TCP recv 1 bytes. Total buf: 208
[BRIDGE] TCP recv 1 bytes. Total buf: 209
[BRIDGE] TCP recv 1 bytes. Total buf: 210
[BRIDGE] TCP recv 1 bytes. Total buf: 211
[BRIDGE] TCP recv 1 bytes. Total buf: 212
[BRIDGE] TCP recv 1 bytes. Total buf: 213
[BRIDGE] TCP recv 1 bytes. Total buf: 214
[BRIDGE] TCP recv 1 bytes. Total buf: 215
[BRIDGE] TCP recv 1 bytes. Total buf: 216
[BRIDGE] TCP recv 1 bytes. Total buf: 217
[BRIDGE] TCP recv 1 bytes. Total buf: 218
[BRIDGE] TCP recv 1 bytes. Total buf: 219
[BRIDGE] TCP recv 1 bytes. Total buf: 220
[BRIDGE] TCP recv 1 bytes. Total buf: 221
[BRIDGE] TCP recv 1 bytes. Total buf: 222
[BRIDGE] TCP recv 1 bytes. Total buf: 223
[BRIDGE] TCP recv 1 bytes. Total buf: 224
[BRIDGE] TCP recv 1 bytes. Total buf: 225
[BRIDGE] TCP recv 1 bytes. Total buf: 226
[BRIDGE] TCP recv 1 bytes. Total buf: 227
[BRIDGE] TCP recv 1 bytes. Total buf: 228
[BRIDGE] TCP recv 1 bytes. Total buf: 229
[BRIDGE] TCP recv 1 bytes. Total buf: 230
[BRIDGE] TCP recv 1 bytes. Total buf: 231
[BRIDGE] TCP recv 1 bytes. Total buf: 232
[BRIDGE] TCP recv 1 bytes. Total buf: 233
[BRIDGE] TCP recv 1 bytes. Total buf: 234
[BRIDGE] TCP recv 1 bytes. Total buf: 235
[BRIDGE] TCP recv 1 bytes. Total buf: 236
[BRIDGE] TCP recv 1 bytes. Total buf: 237
[BRIDGE] TCP recv 1 bytes. Total buf: 238
[BRIDGE] TCP recv 1 bytes. Total buf: 239
[BRIDGE] TCP recv 1 bytes. Total buf: 240
[BRIDGE] TCP recv 1 bytes. Total buf: 241
[BRIDGE] TCP recv 1 bytes. Total buf: 242
[BRIDGE] TCP recv 1 bytes. Total buf: 243
[BRIDGE] TCP recv 1 bytes. Total buf: 244
[BRIDGE] TCP recv 1 bytes. Total buf: 245
[BRIDGE] TCP recv 1 bytes. Total buf: 246
[BRIDGE] TCP recv 1 bytes. Total buf: 247
[BRIDGE] TCP recv 1 bytes. Total buf: 248
[BRIDGE] TCP recv 1 bytes. Total buf: 249
[BRIDGE] TCP recv 1 bytes. Total buf: 250
[BRIDGE] TCP recv 1 bytes. Total buf: 251
[BRIDGE] TCP recv 1 bytes. Total buf: 252
[BRIDGE] TCP recv 1 bytes. Total buf: 253
[BRIDGE] TCP recv 1 bytes. Total buf: 254
[BRIDGE] TCP recv 1 bytes. Total buf: 255
[BRIDGE] TCP recv 1 bytes. Total buf: 256
[BRIDGE] TCP recv 1 bytes. Total buf: 257
[BRIDGE] TCP recv 1 bytes. Total buf: 258
[BRIDGE] TCP recv 1 bytes. Total buf: 259
[BRIDGE] TCP recv 1 bytes. Total buf: 260
[BRIDGE] TCP recv 1 bytes. Total buf: 261
[BRIDGE] TCP recv 1 bytes. Total buf: 262
[BRIDGE] TCP recv 1 bytes. Total buf: 263
[BRIDGE] TCP recv 1 bytes. Total buf: 264
[BRIDGE] TCP recv 1 bytes. Total buf: 265
[BRIDGE] TCP recv 1 bytes. Total buf: 266
[BRIDGE] TCP recv 1 bytes. Total buf: 267
[BRIDGE] TCP recv 1 bytes. Total buf: 268
[BRIDGE] TCP recv 1 bytes. Total buf: 269
[BRIDGE] TCP recv 1 bytes. Total buf: 270
[BRIDGE] TCP recv 1 bytes. Total buf: 271
[BRIDGE] TCP recv 1 bytes. Total buf: 272
[BRIDGE] TCP recv 1 bytes. Total buf: 273
[BRIDGE] TCP recv 1 bytes. Total buf: 274
[BRIDGE] TCP recv 1 bytes. Total buf: 275
[BRIDGE] TCP recv 1 bytes. Total buf: 276
[BRIDGE] TCP recv 1 bytes. Total buf: 277
[BRIDGE] TCP recv 1 bytes. Total buf: 278
[BRIDGE] TCP recv 1 bytes. Total buf: 279
[BRIDGE] TCP recv 1 bytes. Total buf: 280
[BRIDGE] TCP recv 1 bytes. Total buf: 281
[BRIDGE] TCP recv 1 bytes. Total buf: 282
[BRIDGE] TCP recv 1 bytes. Total buf: 283
[BRIDGE] TCP recv 1 bytes. Total buf: 284
[BRIDGE] TCP recv 1 bytes. Total buf: 285
[BRIDGE] TCP recv 1 bytes. Total buf: 286
[BRIDGE] TCP recv 1 bytes. Total buf: 287
[BRIDGE] TCP recv 1 bytes. Total buf: 288
[BRIDGE] TCP recv 1 bytes. Total buf: 289
[BRIDGE] TCP recv 1 bytes. Total buf: 290
[BRIDGE] TCP recv 1 bytes. Total buf: 291
[BRIDGE] TCP recv 1 bytes. Total buf: 292
[BRIDGE] TCP recv 1 bytes. Total buf: 293
[BRIDGE] TCP recv 1 bytes. Total buf: 294
[BRIDGE] TCP recv 1 bytes. Total buf: 295
[BRIDGE] TCP recv 1 bytes. Total buf: 296
[BRIDGE] TCP recv 1 bytes. Total buf: 297
[BRIDGE] TCP recv 1 bytes. Total buf: 298
[BRIDGE] TCP recv 1 bytes. Total buf: 299
[BRIDGE] TCP recv 1 bytes. Total buf: 300
[BRIDGE] TCP recv 1 bytes. Total buf: 301
[BRIDGE] TCP recv 1 bytes. Total buf: 302
[BRIDGE] TCP recv 1 bytes. Total buf: 303
[BRIDGE] TCP recv 1 bytes. Total buf: 304
[BRIDGE] TCP recv 1 bytes. Total buf: 305
[BRIDGE] TCP recv 1 bytes. Total buf: 306
[BRIDGE] TCP recv 1 bytes. Total buf: 307
[BRIDGE] TCP recv 1 bytes. Total buf: 308
[BRIDGE] TCP recv 1 bytes. Total buf: 309
[BRIDGE] TCP recv 1 bytes. Total buf: 310
[BRIDGE] TCP recv 1 bytes. Total buf: 311
[BRIDGE] TCP recv 1 bytes. Total buf: 312
[BRIDGE] TCP recv 1 bytes. Total buf: 313
[BRIDGE] TCP recv 1 bytes. Total buf: 314
[BRIDGE] TCP recv 1 bytes. Total buf: 315
[BRIDGE] TCP recv 1 bytes. Total buf: 316
[BRIDGE] TCP recv 1 bytes. Total buf: 317
[BRIDGE] TCP recv 1 bytes. Total buf: 318
[BRIDGE] TCP recv 1 bytes. Total buf: 319
[BRIDGE] TCP recv 1 bytes. Total buf: 320
[BRIDGE] TCP recv 1 bytes. Total buf: 321
[BRIDGE] TCP recv 1 bytes. Total buf: 322
[BRIDGE] TCP recv 1 bytes. Total buf: 323
[BRIDGE] TCP recv 1 bytes. Total buf: 324
[BRIDGE] TCP recv 1 bytes. Total buf: 325
[BRIDGE] TCP recv 1 bytes. Total buf: 326
[BRIDGE] TCP recv 1 bytes. Total buf: 327
[BRIDGE] TCP recv 1 bytes. Total buf: 328
[BRIDGE] TCP recv 1 bytes. Total buf: 329
[BRIDGE] TCP recv 1 bytes. Total buf: 330
[BRIDGE] TCP recv 1 bytes. Total buf: 331
[BRIDGE] TCP recv 1 bytes. Total buf: 332
[BRIDGE] TCP recv 1 bytes. Total buf: 333
[BRIDGE] TCP recv 1 bytes. Total buf: 334
[BRIDGE] TCP recv 1 bytes. Total buf: 335
[BRIDGE] TCP recv 1 bytes. Total buf: 336
[BRIDGE] TCP recv 1 bytes. Total buf: 337
[BRIDGE] TCP recv 1 bytes. Total buf: 338
[BRIDGE] TCP recv 1 bytes. Total buf: 339
[BRIDGE] TCP recv 1 bytes. Total buf: 340
[BRIDGE] TCP recv 1 bytes. Total buf: 341
[BRIDGE] TCP recv 1 bytes. Total buf: 342
[BRIDGE] TCP recv 1 bytes. Total buf: 343
[BRIDGE] TCP recv 1 bytes. Total buf: 344
[BRIDGE] TCP recv 1 bytes. Total buf: 345
[BRIDGE] TCP recv 1 bytes. Total buf: 346
[BRIDGE] TCP recv 1 bytes. Total buf: 347
[BRIDGE] TCP recv 1 bytes. Total buf: 348
[BRIDGE] TCP recv 1 bytes. Total buf: 349
[BRIDGE] TCP recv 1 bytes. Total buf: 350
[BRIDGE] TCP recv 1 bytes. Total buf: 351
[BRIDGE] TCP recv 1 bytes. Total buf: 352
[BRIDGE] TCP recv 1 bytes. Total buf: 353
[BRIDGE] TCP recv 1 bytes. Total buf: 354
[BRIDGE] TCP recv 1 bytes. Total buf: 355
[BRIDGE] TCP recv 1 bytes. Total buf: 356
[BRIDGE] TCP recv 1 bytes. Total buf: 357
[BRIDGE] TCP recv 1 bytes. Total buf: 358
[BRIDGE] TCP recv 1 bytes. Total buf: 359
[BRIDGE] TCP recv 1 bytes. Total buf: 360
[BRIDGE] TCP recv 1 bytes. Total buf: 361
[BRIDGE] TCP recv 1 bytes. Total buf: 362
[BRIDGE] TCP recv 1 bytes. Total buf: 363
[BRIDGE] TCP recv 1 bytes. Total buf: 364
[BRIDGE] TCP recv 1 bytes. Total buf: 365
[BRIDGE] TCP recv 1 bytes. Total buf: 366
[BRIDGE] TCP recv 1 bytes. Total buf: 367
[BRIDGE] TCP recv 1 bytes. Total buf: 368
[BRIDGE] TCP recv 1 bytes. Total buf: 369
[BRIDGE] TCP recv 1 bytes. Total buf: 370
[BRIDGE] TCP recv 1 bytes. Total buf: 371
[BRIDGE] TCP recv 1 bytes. Total buf: 372
[BRIDGE] TCP recv 1 bytes. Total buf: 373
[BRIDGE] TCP recv 1 bytes. Total buf: 374
[BRIDGE] TCP recv 1 bytes. Total buf: 375
[BRIDGE] TCP recv 1 bytes. Total buf: 376
[BRIDGE] TCP recv 1 bytes. Total buf: 377
[BRIDGE] TCP recv 1 bytes. Total buf: 378
[BRIDGE] TCP recv 1 bytes. Total buf: 379
[BRIDGE] TCP recv 1 bytes. Total buf: 380
[BRIDGE] TCP recv 1 bytes. Total buf: 381
[BRIDGE] TCP recv 1 bytes. Total buf: 382
[BRIDGE] TCP recv 1 bytes. Total buf: 383
[BRIDGE] TCP recv 1 bytes. Total buf: 384
[BRIDGE] TCP recv 1 bytes. Total buf: 385
[BRIDGE] TCP recv 1 bytes. Total buf: 386
[BRIDGE] TCP recv 1 bytes. Total buf: 387
[BRIDGE] TCP recv 1 bytes. Total buf: 388
[BRIDGE] TCP recv 1 bytes. Total buf: 389
[BRIDGE] TCP recv 1 bytes. Total buf: 390
[BRIDGE] TCP recv 1 bytes. Total buf: 391
[BRIDGE] TCP recv 1 bytes. Total buf: 392
[BRIDGE] TCP recv 1 bytes. Total buf: 393
[BRIDGE] TCP recv 1 bytes. Total buf: 394
[BRIDGE] TCP recv 1 bytes. Total buf: 395
[BRIDGE] TCP recv 1 bytes. Total buf: 396
[BRIDGE] TCP recv 1 bytes. Total buf: 397
[BRIDGE] TCP recv 1 bytes. Total buf: 398
[BRIDGE] TCP recv 1 bytes. Total buf: 399
[BRIDGE] TCP recv 1 bytes. Total buf: 400
[BRIDGE] TCP recv 1 bytes. Total buf: 401
[BRIDGE] TCP recv 1 bytes. Total buf: 402
[BRIDGE] TCP recv 1 bytes. Total buf: 403
[BRIDGE] TCP recv 1 bytes. Total buf: 404
[BRIDGE] TCP recv 1 bytes. Total buf: 405
[BRIDGE] TCP recv 1 bytes. Total buf: 406
[BRIDGE] TCP recv 1 bytes. Total buf: 407
[BRIDGE] TCP recv 1 bytes. Total buf: 408
[BRIDGE] TCP recv 1 bytes. Total buf: 409
[BRIDGE] TCP recv 1 bytes. Total buf: 410
[BRIDGE] TCP recv 1 bytes. Total buf: 411
[BRIDGE] TCP recv 1 bytes. Total buf: 412
[BRIDGE] TCP recv 1 bytes. Total buf: 413
[BRIDGE] TCP recv 1 bytes. Total buf: 414
[BRIDGE] TCP recv 1 bytes. Total buf: 415
[BRIDGE] TCP recv 1 bytes. Total buf: 416
[BRIDGE] TCP recv 1 bytes. Total buf: 417
[BRIDGE] TCP recv 1 bytes. Total buf: 418
[BRIDGE] TCP recv 1 bytes. Total buf: 419
[BRIDGE] TCP recv 1 bytes. Total buf: 420
[BRIDGE] TCP recv 1 bytes. Total buf: 421
[BRIDGE] TCP recv 1 bytes. Total buf: 422
[BRIDGE] TCP recv 1 bytes. Total buf: 423
[BRIDGE] TCP recv 1 bytes. Total buf: 424
[BRIDGE] TCP recv 1 bytes. Total buf: 425
[BRIDGE] TCP recv 1 bytes. Total buf: 426
[BRIDGE] TCP recv 1 bytes. Total buf: 427
[BRIDGE] TCP recv 1 bytes. Total buf: 428
[BRIDGE] TCP recv 1 bytes. Total buf: 429
[BRIDGE] TCP recv 1 bytes. Total buf: 430
[BRIDGE] TCP recv 1 bytes. Total buf: 431
[BRIDGE] TCP recv 1 bytes. Total buf: 432
[BRIDGE] TCP recv 1 bytes. Total buf: 433
[BRIDGE] TCP recv 1 bytes. Total buf: 434
[BRIDGE] TCP recv 1 bytes. Total buf: 435
[BRIDGE] TCP recv 1 bytes. Total buf: 436
[BRIDGE] TCP recv 1 bytes. Total buf: 437
[BRIDGE] TCP recv 1 bytes. Total buf: 438
[BRIDGE] TCP recv 1 bytes. Total buf: 439
[BRIDGE] TCP recv 1 bytes. Total buf: 440
[BRIDGE] TCP recv 1 bytes. Total buf: 441
[BRIDGE] TCP recv 1 bytes. Total buf: 442
[BRIDGE] TCP recv 1 bytes. Total buf: 443
[BRIDGE] TCP recv 1 bytes. Total buf: 444
[BRIDGE] TCP recv 1 bytes. Total buf: 445
[BRIDGE] TCP recv 1 bytes. Total buf: 446
[BRIDGE] TCP recv 1 bytes. Total buf: 447
[BRIDGE] TCP recv 1 bytes. Total buf: 448
[BRIDGE] TCP recv 1 bytes. Total buf: 449
[BRIDGE] TCP recv 1 bytes. Total buf: 450
[BRIDGE] TCP recv 1 bytes. Total buf: 451
[BRIDGE] TCP recv 1 bytes. Total buf: 452
[BRIDGE] TCP recv 1 bytes. Total buf: 453
[BRIDGE] TCP recv 1 bytes. Total buf: 454
[BRIDGE] TCP recv 1 bytes. Total buf: 455
[BRIDGE] TCP recv 1 bytes. Total buf: 456
[BRIDGE] TCP recv 1 bytes. Total buf: 457
[BRIDGE] TCP recv 1 bytes. Total buf: 458
[BRIDGE] TCP recv 1 bytes. Total buf: 459
[BRIDGE] TCP recv 1 bytes. Total buf: 460
[BRIDGE] TCP recv 1 bytes. Total buf: 461
[BRIDGE] TCP recv 1 bytes. Total buf: 462
[BRIDGE] TCP recv 1 bytes. Total buf: 463
[BRIDGE] TCP recv 1 bytes. Total buf: 464
[BRIDGE] TCP recv 1 bytes. Total buf: 465
[BRIDGE] TCP recv 1 bytes. Total buf: 466
[BRIDGE] TCP recv 1 bytes. Total buf: 467
[BRIDGE] TCP recv 1 bytes. Total buf: 468
[BRIDGE] TCP recv 1 bytes. Total buf: 469
[BRIDGE] TCP recv 1 bytes. Total buf: 470
[BRIDGE] TCP recv 1 bytes. Total buf: 471
[BRIDGE] TCP recv 1 bytes. Total buf: 472
[BRIDGE] TCP recv 1 bytes. Total buf: 473
[BRIDGE] TCP recv 1 bytes. Total buf: 474
[BRIDGE] TCP recv 1 bytes. Total buf: 475
[BRIDGE] TCP recv 1 bytes. Total buf: 476
[BRIDGE] TCP recv 1 bytes. Total buf: 477
[BRIDGE] TCP recv 1 bytes. Total buf: 478
[BRIDGE] TCP recv 1 bytes. Total buf: 479
[BRIDGE] TCP recv 1 bytes. Total buf: 480
[BRIDGE] TCP recv 1 bytes. Total buf: 481
[BRIDGE] TCP recv 1 bytes. Total buf: 482
[BRIDGE] TCP recv 1 bytes. Total buf: 483
[BRIDGE] TCP recv 1 bytes. Total buf: 484
[BRIDGE] TCP recv 1 bytes. Total buf: 485
[BRIDGE] TCP recv 1 bytes. Total buf: 486
[BRIDGE] TCP recv 1 bytes. Total buf: 487
[BRIDGE] TCP recv 1 bytes. Total buf: 488
[BRIDGE] TCP recv 1 bytes. Total buf: 489
[BRIDGE] TCP recv 1 bytes. Total buf: 490
[BRIDGE] TCP recv 1 bytes. Total buf: 491
[BRIDGE] TCP recv 1 bytes. Total buf: 492
[BRIDGE] TCP recv 1 bytes. Total buf: 493
[BRIDGE] TCP recv 1 bytes. Total buf: 494
[BRIDGE] TCP recv 1 bytes. Total buf: 495
[BRIDGE] TCP recv 1 bytes. Total buf: 496
[BRIDGE] TCP recv 1 bytes. Total buf: 497
[BRIDGE] TCP recv 1 bytes. Total buf: 498
[BRIDGE] TCP recv 1 bytes. Total buf: 499
[BRIDGE] TCP recv 1 bytes. Total buf: 500
[BRIDGE] TCP recv 1 bytes. Total buf: 501
[BRIDGE] TCP recv 1 bytes. Total buf: 502
[BRIDGE] TCP recv 1 bytes. Total buf: 503
[BRIDGE] TCP recv 1 bytes. Total buf: 504
[BRIDGE] TCP recv 1 bytes. Total buf: 505
[BRIDGE] TCP recv 1 bytes. Total buf: 506
[BRIDGE] TCP recv 1 bytes. Total buf: 507
[BRIDGE] TCP recv 1 bytes. Total buf: 508
[BRIDGE] TCP recv 1 bytes. Total buf: 509
[BRIDGE] TCP recv 1 bytes. Total buf: 510
[BRIDGE] TCP recv 1 bytes. Total buf: 511
[BRIDGE] TCP recv 1 bytes. Total buf: 512
[BRIDGE] TCP recv 1 bytes. Total buf: 513
[BRIDGE] TCP recv 1 bytes. Total buf: 514
[BRIDGE] TCP recv 1 bytes. Total buf: 515
[BRIDGE] TCP recv 1 bytes. Total buf: 516
[BRIDGE] TCP recv 1 bytes. Total buf: 517
[BRIDGE] TCP recv 1 bytes. Total buf: 518
[BRIDGE] TCP recv 1 bytes. Total buf: 519
[BRIDGE] TCP recv 1 bytes. Total buf: 520
[BRIDGE] TCP recv 1 bytes. Total buf: 521
[BRIDGE] TCP recv 1 bytes. Total buf: 522
[BRIDGE] TCP recv 1 bytes. Total buf: 523
[BRIDGE] TCP recv 1 bytes. Total buf: 524
[BRIDGE] TCP recv 1 bytes. Total buf: 525
[BRIDGE] TCP recv 1 bytes. Total buf: 526
[BRIDGE] TCP recv 1 bytes. Total buf: 527
[BRIDGE] TCP recv 1 bytes. Total buf: 528
[BRIDGE] TCP recv 1 bytes. Total buf: 529
[BRIDGE] TCP recv 1 bytes. Total buf: 530
[BRIDGE] TCP recv 1 bytes. Total buf: 531
[BRIDGE] TCP recv 1 bytes. Total buf: 532
[BRIDGE] TCP recv 1 bytes. Total buf: 533
[BRIDGE] TCP recv 1 bytes. Total buf: 534
[BRIDGE] TCP recv 1 bytes. Total buf: 535
[BRIDGE] TCP recv 1 bytes. Total buf: 536
[BRIDGE] TCP recv 1 bytes. Total buf: 537
[BRIDGE] TCP recv 1 bytes. Total buf: 538
[BRIDGE] TCP recv 1 bytes. Total buf: 539
[BRIDGE] TCP recv 1 bytes. Total buf: 540
[BRIDGE] TCP recv 1 bytes. Total buf: 541
[BRIDGE] TCP recv 1 bytes. Total buf: 542
[BRIDGE] TCP recv 1 bytes. Total buf: 543
[BRIDGE] TCP recv 1 bytes. Total buf: 544
[BRIDGE] TCP recv 1 bytes. Total buf: 545
[BRIDGE] TCP recv 1 bytes. Total buf: 546
[BRIDGE] TCP recv 1 bytes. Total buf: 547
[BRIDGE] TCP recv 1 bytes. Total buf: 548
[BRIDGE] TCP recv 1 bytes. Total buf: 549
[BRIDGE] TCP recv 1 bytes. Total buf: 550
[BRIDGE] TCP recv 1 bytes. Total buf: 551
[BRIDGE] TCP recv 1 bytes. Total buf: 552
[BRIDGE] TCP recv 1 bytes. Total buf: 553
[BRIDGE] TCP recv 1 bytes. Total buf: 554
[BRIDGE] TCP recv 1 bytes. Total buf: 555
[BRIDGE] TCP recv 1 bytes. Total buf: 556
[BRIDGE] TCP recv 1 bytes. Total buf: 557
[BRIDGE] TCP recv 1 bytes. Total buf: 558
[BRIDGE] TCP recv 1 bytes. Total buf: 559
[BRIDGE] TCP recv 1 bytes. Total buf: 560
[BRIDGE] TCP recv 1 bytes. Total buf: 561
[BRIDGE] TCP recv 1 bytes. Total buf: 562
[BRIDGE] TCP recv 1 bytes. Total buf: 563
[BRIDGE] TCP recv 1 bytes. Total buf: 564
[BRIDGE] TCP recv 1 bytes. Total buf: 565
[BRIDGE] TCP recv 1 bytes. Total buf: 566
[BRIDGE] TCP recv 1 bytes. Total buf: 567
[BRIDGE] TCP recv 1 bytes. Total buf: 568
[BRIDGE] TCP recv 1 bytes. Total buf: 569
[BRIDGE] TCP recv 1 bytes. Total buf: 570
[BRIDGE] TCP recv 1 bytes. Total buf: 571
[BRIDGE] TCP recv 1 bytes. Total buf: 572
[BRIDGE] TCP recv 1 bytes. Total buf: 573
[BRIDGE] TCP recv 1 bytes. Total buf: 574
[BRIDGE] TCP recv 1 bytes. Total buf: 575
[BRIDGE] TCP recv 1 bytes. Total buf: 576
[BRIDGE] TCP recv 1 bytes. Total buf: 577
[BRIDGE] TCP recv 1 bytes. Total buf: 578
[BRIDGE] TCP recv 1 bytes. Total buf: 579
[BRIDGE] TCP recv 1 bytes. Total buf: 580
[BRIDGE] TCP recv 1 bytes. Total buf: 581
[BRIDGE] TCP recv 1 bytes. Total buf: 582
[BRIDGE] TCP recv 1 bytes. Total buf: 583
[BRIDGE] TCP recv 1 bytes. Total buf: 584
[BRIDGE] TCP recv 1 bytes. Total buf: 585
[BRIDGE] TCP recv 1 bytes. Total buf: 586
[BRIDGE] TCP recv 1 bytes. Total buf: 587
[BRIDGE] TCP recv 3 bytes. Total buf: 590
[BRIDGE] TCP recv 2 bytes. Total buf: 592
[BRIDGE] TCP recv 1 bytes. Total buf: 593
[BRIDGE] TCP recv 1 bytes. Total buf: 594
[BRIDGE] TCP recv 1 bytes. Total buf: 595
[BRIDGE] TCP recv 1 bytes. Total buf: 596
[BRIDGE] TCP recv 1 bytes. Total buf: 597
[BRIDGE] TCP recv 1 bytes. Total buf: 598
[BRIDGE] TCP recv 1 bytes. Total buf: 599
[BRIDGE] TCP recv 1 bytes. Total buf: 600
[BRIDGE] TCP recv 1 bytes. Total buf: 601
[BRIDGE] TCP recv 1 bytes. Total buf: 602
[BRIDGE] TCP recv 1 bytes. Total buf: 603
[BRIDGE] TCP recv 1 bytes. Total buf: 604
[BRIDGE] TCP recv 1 bytes. Total buf: 605
[BRIDGE] TCP recv 1 bytes. Total buf: 606
[BRIDGE] TCP recv 1 bytes. Total buf: 607
[BRIDGE] TCP recv 1 bytes. Total buf: 608
[BRIDGE] TCP recv 1 bytes. Total buf: 609
[BRIDGE] TCP recv 1 bytes. Total buf: 610
[BRIDGE] TCP recv 1 bytes. Total buf: 611
[BRIDGE] TCP recv 1 bytes. Total buf: 612
[BRIDGE] TCP recv 1 bytes. Total buf: 613
[BRIDGE] TCP recv 1 bytes. Total buf: 614
[BRIDGE] TCP recv 1 bytes. Total buf: 615
[BRIDGE] TCP recv 1 bytes. Total buf: 616
[BRIDGE] TCP recv 1 bytes. Total buf: 617
[BRIDGE] TCP recv 1 bytes. Total buf: 618
[BRIDGE] TCP recv 1 bytes. Total buf: 619
[BRIDGE] TCP recv 1 bytes. Total buf: 620
[BRIDGE] TCP recv 1 bytes. Total buf: 621
[BRIDGE] TCP recv 1 bytes. Total buf: 622
[BRIDGE] TCP recv 1 bytes. Total buf: 623
[BRIDGE] TCP recv 1 bytes. Total buf: 624
[BRIDGE] TCP recv 1 bytes. Total buf: 625
[BRIDGE] TCP recv 1 bytes. Total buf: 626
[BRIDGE] TCP recv 1 bytes. Total buf: 627
[BRIDGE] TCP recv 1 bytes. Total buf: 628
[BRIDGE] TCP recv 1 bytes. Total buf: 629
[BRIDGE] TCP recv 1 bytes. Total buf: 630
[BRIDGE] TCP recv 1 bytes. Total buf: 631
[BRIDGE] TCP recv 1 bytes. Total buf: 632
[BRIDGE] TCP recv 1 bytes. Total buf: 633
[BRIDGE] TCP recv 1 bytes. Total buf: 634
[BRIDGE] TCP recv 1 bytes. Total buf: 635
[BRIDGE] TCP recv 1 bytes. Total buf: 636
[BRIDGE] TCP recv 1 bytes. Total buf: 637
[BRIDGE] TCP recv 1 bytes. Total buf: 638
[BRIDGE] TCP recv 1 bytes. Total buf: 639
[BRIDGE] TCP recv 1 bytes. Total buf: 640
[BRIDGE] TCP recv 1 bytes. Total buf: 641
[BRIDGE] TCP recv 1 bytes. Total buf: 642
[BRIDGE] TCP recv 1 bytes. Total buf: 643
[BRIDGE] TCP recv 1 bytes. Total buf: 644
[BRIDGE] TCP recv 1 bytes. Total buf: 645
[BRIDGE] TCP recv 1 bytes. Total buf: 646
[BRIDGE] TCP recv 1 bytes. Total buf: 647
[BRIDGE] TCP recv 1 bytes. Total buf: 648
[BRIDGE] TCP recv 1 bytes. Total buf: 649
[BRIDGE] TCP recv 1 bytes. Total buf: 650
[BRIDGE] TCP recv 1 bytes. Total buf: 651
[BRIDGE] TCP recv 1 bytes. Total buf: 652
[BRIDGE] TCP recv 1 bytes. Total buf: 653
[BRIDGE] TCP recv 1 bytes. Total buf: 654
[BRIDGE] TCP recv 1 bytes. Total buf: 655
[BRIDGE] TCP recv 1 bytes. Total buf: 656
[BRIDGE] TCP recv 1 bytes. Total buf: 657
[BRIDGE] TCP recv 1 bytes. Total buf: 658
[BRIDGE] TCP recv 1 bytes. Total buf: 659
[BRIDGE] TCP recv 1 bytes. Total buf: 660
[BRIDGE] TCP recv 1 bytes. Total buf: 661
[BRIDGE] TCP recv 1 bytes. Total buf: 662
[BRIDGE] TCP recv 1 bytes. Total buf: 663
[BRIDGE] TCP recv 1 bytes. Total buf: 664
[BRIDGE] TCP recv 1 bytes. Total buf: 665
[BRIDGE] TCP recv 1 bytes. Total buf: 666
[BRIDGE] TCP recv 1 bytes. Total buf: 667
[BRIDGE] TCP recv 1 bytes. Total buf: 668
[BRIDGE] TCP recv 1 bytes. Total buf: 669
[BRIDGE] TCP recv 1 bytes. Total buf: 670
[BRIDGE] TCP recv 1 bytes. Total buf: 671
[BRIDGE] TCP recv 1 bytes. Total buf: 672
[BRIDGE] TCP recv 1 bytes. Total buf: 673
[BRIDGE] TCP recv 1 bytes. Total buf: 674
[BRIDGE] TCP recv 1 bytes. Total buf: 675
[BRIDGE] TCP recv 1 bytes. Total buf: 676
[BRIDGE] TCP recv 1 bytes. Total buf: 677
[BRIDGE] TCP recv 1 bytes. Total buf: 678
[BRIDGE] TCP recv 1 bytes. Total buf: 679
[BRIDGE] TCP recv 1 bytes. Total buf: 680
[BRIDGE] TCP recv 1 bytes. Total buf: 681
[BRIDGE] TCP recv 1 bytes. Total buf: 682
[BRIDGE] TCP recv 1 bytes. Total buf: 683
[BRIDGE] TCP recv 1 bytes. Total buf: 684
[BRIDGE] TCP recv 1 bytes. Total buf: 685
[BRIDGE] TCP recv 1 bytes. Total buf: 686
[BRIDGE] TCP recv 1 bytes. Total buf: 687
[BRIDGE] TCP recv 1 bytes. Total buf: 688
[BRIDGE] TCP recv 1 bytes. Total buf: 689
[BRIDGE] TCP recv 1 bytes. Total buf: 690
[BRIDGE] TCP recv 1 bytes. Total buf: 691
[BRIDGE] TCP recv 1 bytes. Total buf: 692
[BRIDGE] TCP recv 1 bytes. Total buf: 693
[BRIDGE] TCP recv 1 bytes. Total buf: 694
[BRIDGE] TCP recv 1 bytes. Total buf: 695
[BRIDGE] TCP recv 1 bytes. Total buf: 696
[BRIDGE] TCP recv 1 bytes. Total buf: 697
[BRIDGE] TCP recv 1 bytes. Total buf: 698
[BRIDGE] TCP recv 1 bytes. Total buf: 699
[BRIDGE] TCP recv 1 bytes. Total buf: 700
[BRIDGE] TCP recv 1 bytes. Total buf: 701
[BRIDGE] TCP recv 1 bytes. Total buf: 702
[BRIDGE] TCP recv 1 bytes. Total buf: 703
[BRIDGE] TCP recv 1 bytes. Total buf: 704
[BRIDGE] TCP recv 1 bytes. Total buf: 705
[BRIDGE] TCP recv 1 bytes. Total buf: 706
[BRIDGE] TCP recv 1 bytes. Total buf: 707
[BRIDGE] TCP recv 1 bytes. Total buf: 708
[BRIDGE] TCP recv 1 bytes. Total buf: 709
[BRIDGE] TCP recv 1 bytes. Total buf: 710
[BRIDGE] TCP recv 1 bytes. Total buf: 711
[BRIDGE] TCP recv 1 bytes. Total buf: 712
[BRIDGE] TCP recv 1 bytes. Total buf: 713
[BRIDGE] TCP recv 1 bytes. Total buf: 714
[BRIDGE] TCP recv 1 bytes. Total buf: 715
[BRIDGE] TCP recv 1 bytes. Total buf: 716
[BRIDGE] TCP recv 1 bytes. Total buf: 717
[BRIDGE] TCP recv 1 bytes. Total buf: 718
[BRIDGE] TCP recv 1 bytes. Total buf: 719
[BRIDGE] TCP recv 1 bytes. Total buf: 720
[BRIDGE] TCP recv 1 bytes. Total buf: 721
[BRIDGE] TCP recv 1 bytes. Total buf: 722
[BRIDGE] TCP recv 1 bytes. Total buf: 723
[BRIDGE] TCP recv 1 bytes. Total buf: 724
[BRIDGE] TCP recv 1 bytes. Total buf: 725
[BRIDGE] TCP recv 1 bytes. Total buf: 726
[BRIDGE] TCP recv 1 bytes. Total buf: 727
[BRIDGE] TCP recv 1 bytes. Total buf: 728
[BRIDGE] TCP recv 1 bytes. Total buf: 729
[BRIDGE] TCP recv 1 bytes. Total buf: 730
[BRIDGE] TCP recv 1 bytes. Total buf: 731
[BRIDGE] TCP recv 1 bytes. Total buf: 732
[BRIDGE] TCP recv 1 bytes. Total buf: 733
[BRIDGE] TCP recv 1 bytes. Total buf: 734
[BRIDGE] TCP recv 1 bytes. Total buf: 735
[BRIDGE] TCP recv 1 bytes. Total buf: 736
[BRIDGE] TCP recv 1 bytes. Total buf: 737
[BRIDGE] TCP recv 1 bytes. Total buf: 738
[BRIDGE] TCP recv 1 bytes. Total buf: 739
[BRIDGE] TCP recv 1 bytes. Total buf: 740
[BRIDGE] TCP recv 1 bytes. Total buf: 741
[BRIDGE] TCP recv 1 bytes. Total buf: 742
[BRIDGE] TCP recv 1 bytes. Total buf: 743
[BRIDGE] TCP recv 1 bytes. Total buf: 744
[BRIDGE] TCP recv 1 bytes. Total buf: 745
[BRIDGE] TCP recv 1 bytes. Total buf: 746
[BRIDGE] TCP recv 1 bytes. Total buf: 747
[BRIDGE] TCP recv 1 bytes. Total buf: 748
[BRIDGE] TCP recv 1 bytes. Total buf: 749
[BRIDGE] TCP recv 1 bytes. Total buf: 750
[BRIDGE] TCP recv 1 bytes. Total buf: 751
[BRIDGE] TCP recv 1 bytes. Total buf: 752
[BRIDGE] TCP recv 1 bytes. Total buf: 753
[BRIDGE] TCP recv 1 bytes. Total buf: 754
[BRIDGE] TCP recv 1 bytes. Total buf: 755
[BRIDGE] TCP recv 1 bytes. Total buf: 756
[BRIDGE] TCP recv 1 bytes. Total buf: 757
[BRIDGE] TCP recv 1 bytes. Total buf: 758
[BRIDGE] TCP recv 1 bytes. Total buf: 759
[BRIDGE] TCP recv 1 bytes. Total buf: 760
[BRIDGE] TCP recv 1 bytes. Total buf: 761
[BRIDGE] TCP recv 1 bytes. Total buf: 762
[BRIDGE] TCP recv 1 bytes. Total buf: 763
[BRIDGE] TCP recv 1 bytes. Total buf: 764
[BRIDGE] TCP recv 1 bytes. Total buf: 765
[BRIDGE] TCP recv 1 bytes. Total buf: 766
[BRIDGE] TCP recv 1 bytes. Total buf: 767
[BRIDGE] TCP recv 1 bytes. Total buf: 768
[BRIDGE] TCP recv 1 bytes. Total buf: 769
[BRIDGE] TCP recv 1 bytes. Total buf: 770
[BRIDGE] TCP recv 1 bytes. Total buf: 771
[BRIDGE] TCP recv 1 bytes. Total buf: 772
[BRIDGE] TCP recv 1 bytes. Total buf: 773
[BRIDGE] TCP recv 1 bytes. Total buf: 774
[BRIDGE] TCP recv 1 bytes. Total buf: 775
[BRIDGE] TCP recv 1 bytes. Total buf: 776
[BRIDGE] TCP recv 1 bytes. Total buf: 777
[BRIDGE] TCP recv 1 bytes. Total buf: 778
[BRIDGE] TCP recv 1 bytes. Total buf: 779
[BRIDGE] TCP recv 1 bytes. Total buf: 780
[BRIDGE] TCP recv 1 bytes. Total buf: 781
[BRIDGE] TCP recv 1 bytes. Total buf: 782
[BRIDGE] TCP recv 1 bytes. Total buf: 783
[BRIDGE] TCP recv 1 bytes. Total buf: 784
[BRIDGE] TCP recv 1 bytes. Total buf: 785
[BRIDGE] TCP recv 1 bytes. Total buf: 786
[BRIDGE] TCP recv 1 bytes. Total buf: 787
[BRIDGE] TCP recv 1 bytes. Total buf: 788
[BRIDGE] TCP recv 1 bytes. Total buf: 789
[BRIDGE] TCP recv 1 bytes. Total buf: 790
[BRIDGE] TCP recv 1 bytes. Total buf: 791
[BRIDGE] TCP recv 1 bytes. Total buf: 792
[BRIDGE] TCP recv 1 bytes. Total buf: 793
[BRIDGE] TCP recv 1 bytes. Total buf: 794
[BRIDGE] TCP recv 1 bytes. Total buf: 795
[BRIDGE] TCP recv 1 bytes. Total buf: 796
[BRIDGE] TCP recv 1 bytes. Total buf: 797
[BRIDGE] TCP recv 1 bytes. Total buf: 798
[BRIDGE] TCP recv 1 bytes. Total buf: 799
[BRIDGE] TCP recv 1 bytes. Total buf: 800
[BRIDGE] TCP recv 1 bytes. Total buf: 801
[BRIDGE] TCP recv 1 bytes. Total buf: 802
[BRIDGE] TCP recv 1 bytes. Total buf: 803
[BRIDGE] TCP recv 1 bytes. Total buf: 804
[BRIDGE] TCP recv 1 bytes. Total buf: 805
[BRIDGE] TCP recv 1 bytes. Total buf: 806
[BRIDGE] TCP recv 1 bytes. Total buf: 807
[BRIDGE] TCP recv 1 bytes. Total buf: 808
[BRIDGE] TCP recv 1 bytes. Total buf: 809
[BRIDGE] TCP recv 1 bytes. Total buf: 810
[BRIDGE] TCP recv 1 bytes. Total buf: 811
[BRIDGE] TCP recv 1 bytes. Total buf: 812
[BRIDGE] TCP recv 1 bytes. Total buf: 813
[BRIDGE] TCP recv 1 bytes. Total buf: 814
[BRIDGE] TCP recv 1 bytes. Total buf: 815
[BRIDGE] TCP recv 1 bytes. Total buf: 816
[BRIDGE] TCP recv 1 bytes. Total buf: 817
[BRIDGE] TCP recv 1 bytes. Total buf: 818
[BRIDGE] TCP recv 1 bytes. Total buf: 819
[BRIDGE] TCP recv 1 bytes. Total buf: 820
[BRIDGE] TCP recv 1 bytes. Total buf: 821
[BRIDGE] TCP recv 1 bytes. Total buf: 822
[BRIDGE] TCP recv 1 bytes. Total buf: 823
[BRIDGE] TCP recv 1 bytes. Total buf: 824
[BRIDGE] TCP recv 1 bytes. Total buf: 825
[BRIDGE] TCP recv 1 bytes. Total buf: 826
[BRIDGE] TCP recv 1 bytes. Total buf: 827
[BRIDGE] TCP recv 1 bytes. Total buf: 828
[BRIDGE] TCP recv 1 bytes. Total buf: 829
[BRIDGE] TCP recv 1 bytes. Total buf: 830
[BRIDGE] TCP recv 1 bytes. Total buf: 831
[BRIDGE] TCP recv 1 bytes. Total buf: 832
[BRIDGE] TCP recv 1 bytes. Total buf: 833
[BRIDGE] TCP recv 1 bytes. Total buf: 834
[BRIDGE] TCP recv 1 bytes. Total buf: 835
[BRIDGE] TCP recv 1 bytes. Total buf: 836
[BRIDGE] TCP recv 1 bytes. Total buf: 837
[BRIDGE] TCP recv 1 bytes. Total buf: 838
[BRIDGE] TCP recv 1 bytes. Total buf: 839
[BRIDGE] TCP recv 1 bytes. Total buf: 840
[BRIDGE] TCP recv 1 bytes. Total buf: 841
[BRIDGE] TCP recv 1 bytes. Total buf: 842
[BRIDGE] TCP recv 1 bytes. Total buf: 843
[BRIDGE] TCP recv 1 bytes. Total buf: 844
[BRIDGE] TCP recv 1 bytes. Total buf: 845
[BRIDGE] TCP recv 1 bytes. Total buf: 846
[BRIDGE] TCP recv 1 bytes. Total buf: 847
[BRIDGE] TCP recv 1 bytes. Total buf: 848
[BRIDGE] TCP recv 1 bytes. Total buf: 849
[BRIDGE] TCP recv 1 bytes. Total buf: 850
[BRIDGE] TCP recv 1 bytes. Total buf: 851
[BRIDGE] TCP->UDP: Dropped 851 bytes of non-DTLS data (debug text)
[BRIDGE] TCP recv 1 bytes. Total buf: 1
[BRIDGE] TCP recv 2 bytes. Total buf: 3
[BRIDGE] TCP recv 1 bytes. Total buf: 4
[BRIDGE] TCP recv 1 bytes. Total buf: 5
[BRIDGE] TCP recv 1 bytes. Total buf: 6
[BRIDGE] TCP recv 1 bytes. Total buf: 7
[BRIDGE] TCP recv 1 bytes. Total buf: 8
[BRIDGE] TCP recv 1 bytes. Total buf: 9
[BRIDGE] TCP recv 1 bytes. Total buf: 10
[BRIDGE] TCP recv 1 bytes. Total buf: 11
[BRIDGE] TCP recv 1 bytes. Total buf: 12
[BRIDGE] TCP recv 1 bytes. Total buf: 13
[BRIDGE] TCP recv 1 bytes. Total buf: 14
[BRIDGE] TCP recv 1 bytes. Total buf: 15
[BRIDGE] TCP recv 1 bytes. Total buf: 16
[BRIDGE] TCP recv 1 bytes. Total buf: 17
[BRIDGE] TCP recv 1 bytes. Total buf: 18
[BRIDGE] TCP recv 1 bytes. Total buf: 19
[BRIDGE] TCP recv 1 bytes. Total buf: 20
[BRIDGE] TCP recv 1 bytes. Total buf: 21
[BRIDGE] TCP recv 1 bytes. Total buf: 22
[BRIDGE] TCP recv 1 bytes. Total buf: 23
[BRIDGE] TCP recv 1 bytes. Total buf: 24
[BRIDGE] TCP recv 1 bytes. Total buf: 25
[BRIDGE] TCP recv 1 bytes. Total buf: 26
[BRIDGE] TCP recv 1 bytes. Total buf: 27
[BRIDGE] TCP recv 1 bytes. Total buf: 28
[BRIDGE] TCP recv 1 bytes. Total buf: 29
[BRIDGE] TCP recv 1 bytes. Total buf: 30
[BRIDGE] TCP recv 1 bytes. Total buf: 31
[BRIDGE] TCP recv 1 bytes. Total buf: 32
[BRIDGE] TCP recv 1 bytes. Total buf: 33
[BRIDGE] TCP recv 1 bytes. Total buf: 34
[BRIDGE] TCP recv 1 bytes. Total buf: 35
[BRIDGE] TCP recv 1 bytes. Total buf: 36
[BRIDGE] TCP recv 1 bytes. Total buf: 37
[BRIDGE] TCP recv 1 bytes. Total buf: 38
[BRIDGE] TCP recv 1 bytes. Total buf: 39
[BRIDGE] TCP recv 1 bytes. Total buf: 40
[BRIDGE] TCP recv 1 bytes. Total buf: 41
[BRIDGE] TCP recv 1 bytes. Total buf: 42
[BRIDGE] TCP recv 1 bytes. Total buf: 43
[BRIDGE] TCP recv 1 bytes. Total buf: 44
[BRIDGE] TCP recv 1 bytes. Total buf: 45
[BRIDGE] TCP recv 1 bytes. Total buf: 46
[BRIDGE] TCP recv 1 bytes. Total buf: 47
[BRIDGE] TCP recv 1 bytes. Total buf: 48
[BRIDGE] TCP recv 1 bytes. Total buf: 49
[BRIDGE] TCP recv 1 bytes. Total buf: 50
[BRIDGE] TCP recv 1 bytes. Total buf: 51
[BRIDGE] TCP recv 1 bytes. Total buf: 52
[BRIDGE] TCP recv 1 bytes. Total buf: 53
[BRIDGE] TCP recv 1 bytes. Total buf: 54
[BRIDGE] TCP recv 1 bytes. Total buf: 55
[BRIDGE] TCP recv 1 bytes. Total buf: 56
[BRIDGE] TCP recv 1 bytes. Total buf: 57
[BRIDGE] TCP recv 1 bytes. Total buf: 58
[BRIDGE] TCP recv 1 bytes. Total buf: 59
[BRIDGE] TCP recv 1 bytes. Total buf: 60
[BRIDGE] TCP recv 1 bytes. Total buf: 61
[BRIDGE] TCP recv 1 bytes. Total buf: 62
[BRIDGE] TCP recv 1 bytes. Total buf: 63
[BRIDGE] TCP recv 1 bytes. Total buf: 64
[BRIDGE] TCP recv 1 bytes. Total buf: 65
[BRIDGE] TCP recv 2 bytes. Total buf: 67
[BRIDGE] TCP recv 1 bytes. Total buf: 68
[BRIDGE] TCP recv 1 bytes. Total buf: 69
[BRIDGE] TCP recv 1 bytes. Total buf: 70
[BRIDGE] TCP recv 1 bytes. Total buf: 71
[BRIDGE] TCP recv 1 bytes. Total buf: 72
[BRIDGE] TCP recv 1 bytes. Total buf: 73
[BRIDGE] TCP recv 1 bytes. Total buf: 74
[BRIDGE] TCP recv 1 bytes. Total buf: 75
[BRIDGE] TCP recv 1 bytes. Total buf: 76
[BRIDGE] TCP recv 1 bytes. Total buf: 77
[BRIDGE] TCP recv 1 bytes. Total buf: 78
[BRIDGE] TCP recv 1 bytes. Total buf: 79
[BRIDGE] TCP recv 1 bytes. Total buf: 80
[BRIDGE] TCP recv 1 bytes. Total buf: 81
[BRIDGE] TCP recv 1 bytes. Total buf: 82
[BRIDGE] TCP recv 1 bytes. Total buf: 83
[BRIDGE] TCP recv 1 bytes. Total buf: 84
[BRIDGE] TCP recv 1 bytes. Total buf: 85
[BRIDGE] TCP recv 1 bytes. Total buf: 86
[BRIDGE] TCP recv 1 bytes. Total buf: 87
[BRIDGE] TCP recv 1 bytes. Total buf: 88
[BRIDGE] TCP recv 1 bytes. Total buf: 89
[BRIDGE] TCP recv 1 bytes. Total buf: 90
[BRIDGE] TCP recv 1 bytes. Total buf: 91
[BRIDGE] TCP recv 1 bytes. Total buf: 92
[BRIDGE] TCP recv 1 bytes. Total buf: 93
[BRIDGE] TCP recv 1 bytes. Total buf: 94
[BRIDGE] TCP recv 1 bytes. Total buf: 95
[BRIDGE] TCP recv 1 bytes. Total buf: 96
[BRIDGE] TCP recv 1 bytes. Total buf: 97
[BRIDGE] TCP recv 1 bytes. Total buf: 98
[BRIDGE] TCP recv 1 bytes. Total buf: 99
[BRIDGE] TCP recv 1 bytes. Total buf: 100
[BRIDGE] TCP recv 1 bytes. Total buf: 101
[BRIDGE] TCP recv 1 bytes. Total buf: 102
[BRIDGE] TCP recv 1 bytes. Total buf: 103
[BRIDGE] TCP recv 1 bytes. Total buf: 104
[BRIDGE] TCP recv 1 bytes. Total buf: 105
[BRIDGE] TCP recv 1 bytes. Total buf: 106
[BRIDGE] TCP recv 1 bytes. Total buf: 107
[BRIDGE] TCP recv 1 bytes. Total buf: 108
[BRIDGE] TCP recv 1 bytes. Total buf: 109
[BRIDGE] TCP recv 1 bytes. Total buf: 110
[BRIDGE] TCP recv 1 bytes. Total buf: 111
[BRIDGE] TCP recv 1 bytes. Total buf: 112
[BRIDGE] TCP recv 1 bytes. Total buf: 113
[BRIDGE] TCP recv 1 bytes. Total buf: 114
[BRIDGE] TCP recv 1 bytes. Total buf: 115
[BRIDGE] TCP recv 1 bytes. Total buf: 116
[BRIDGE] TCP recv 1 bytes. Total buf: 117
[BRIDGE] TCP recv 1 bytes. Total buf: 118
[BRIDGE] TCP recv 1 bytes. Total buf: 119
[BRIDGE] TCP recv 1 bytes. Total buf: 120
[BRIDGE] TCP recv 1 bytes. Total buf: 121
[BRIDGE] TCP recv 1 bytes. Total buf: 122
[BRIDGE] TCP recv 1 bytes. Total buf: 123
[BRIDGE] TCP recv 1 bytes. Total buf: 124
[BRIDGE] TCP recv 1 bytes. Total buf: 125
[BRIDGE] TCP recv 1 bytes. Total buf: 126
[BRIDGE] TCP recv 1 bytes. Total buf: 127
[BRIDGE] TCP recv 1 bytes. Total buf: 128
[BRIDGE] TCP recv 1 bytes. Total buf: 129
[BRIDGE] TCP recv 1 bytes. Total buf: 130
[BRIDGE] TCP recv 1 bytes. Total buf: 131
[BRIDGE] TCP recv 1 bytes. Total buf: 132
[BRIDGE] TCP recv 1 bytes. Total buf: 133
[BRIDGE] TCP recv 1 bytes. Total buf: 134
[BRIDGE] TCP recv 1 bytes. Total buf: 135
[BRIDGE] TCP recv 1 bytes. Total buf: 136
[BRIDGE] TCP recv 1 bytes. Total buf: 137
[BRIDGE] TCP recv 1 bytes. Total buf: 138
[BRIDGE] TCP recv 1 bytes. Total buf: 139
[BRIDGE] TCP recv 1 bytes. Total buf: 140
[BRIDGE] TCP recv 1 bytes. Total buf: 141
[BRIDGE] TCP recv 1 bytes. Total buf: 142
[BRIDGE] TCP recv 1 bytes. Total buf: 143
[BRIDGE] TCP recv 1 bytes. Total buf: 144
[BRIDGE] TCP recv 1 bytes. Total buf: 145
[BRIDGE] TCP recv 1 bytes. Total buf: 146
[BRIDGE] TCP recv 1 bytes. Total buf: 147
[BRIDGE] TCP recv 1 bytes. Total buf: 148
[BRIDGE] TCP recv 1 bytes. Total buf: 149
[BRIDGE] TCP recv 1 bytes. Total buf: 150
[BRIDGE] TCP recv 1 bytes. Total buf: 151
[BRIDGE] TCP recv 1 bytes. Total buf: 152
[BRIDGE] TCP recv 1 bytes. Total buf: 153
[BRIDGE] TCP recv 1 bytes. Total buf: 154
[BRIDGE] TCP recv 1 bytes. Total buf: 155
[BRIDGE] TCP recv 1 bytes. Total buf: 156
[BRIDGE] TCP recv 1 bytes. Total buf: 157
[BRIDGE] TCP recv 1 bytes. Total buf: 158
[BRIDGE] TCP recv 1 bytes. Total buf: 159
[BRIDGE] TCP recv 1 bytes. Total buf: 160
[BRIDGE] TCP recv 1 bytes. Total buf: 161
[BRIDGE] TCP recv 1 bytes. Total buf: 162
[BRIDGE] TCP recv 1 bytes. Total buf: 163
[BRIDGE] TCP recv 1 bytes. Total buf: 164
[BRIDGE] TCP recv 1 bytes. Total buf: 165
[BRIDGE] TCP recv 1 bytes. Total buf: 166
[BRIDGE] TCP recv 1 bytes. Total buf: 167
[BRIDGE] TCP recv 1 bytes. Total buf: 168
[BRIDGE] TCP recv 1 bytes. Total buf: 169
[BRIDGE] TCP recv 1 bytes. Total buf: 170
[BRIDGE] TCP recv 1 bytes. Total buf: 171
[BRIDGE] TCP recv 1 bytes. Total buf: 172
[BRIDGE] TCP recv 1 bytes. Total buf: 173
[BRIDGE] TCP recv 1 bytes. Total buf: 174
[BRIDGE] TCP recv 1 bytes. Total buf: 175
[BRIDGE] TCP recv 1 bytes. Total buf: 176
[BRIDGE] TCP recv 1 bytes. Total buf: 177
[BRIDGE] TCP recv 1 bytes. Total buf: 178
[BRIDGE] TCP recv 1 bytes. Total buf: 179
[BRIDGE] TCP recv 1 bytes. Total buf: 180
[BRIDGE] TCP recv 1 bytes. Total buf: 181
[BRIDGE] TCP recv 1 bytes. Total buf: 182
[BRIDGE] TCP recv 1 bytes. Total buf: 183
[BRIDGE] TCP recv 1 bytes. Total buf: 184
[BRIDGE] TCP recv 1 bytes. Total buf: 185
[BRIDGE] TCP recv 1 bytes. Total buf: 186
[BRIDGE] TCP recv 1 bytes. Total buf: 187
[BRIDGE] TCP recv 1 bytes. Total buf: 188
[BRIDGE] TCP recv 1 bytes. Total buf: 189
[BRIDGE] TCP recv 1 bytes. Total buf: 190
[BRIDGE] TCP recv 1 bytes. Total buf: 191
[BRIDGE] TCP recv 1 bytes. Total buf: 192
[BRIDGE] TCP recv 1 bytes. Total buf: 193
[BRIDGE] TCP recv 1 bytes. Total buf: 194
[BRIDGE] TCP recv 1 bytes. Total buf: 195
[BRIDGE] TCP recv 1 bytes. Total buf: 196
[BRIDGE] TCP recv 1 bytes. Total buf: 197
[BRIDGE] TCP recv 1 bytes. Total buf: 198
[BRIDGE] TCP recv 1 bytes. Total buf: 199
[BRIDGE] TCP recv 1 bytes. Total buf: 200
[BRIDGE] TCP recv 1 bytes. Total buf: 201
[BRIDGE] TCP recv 1 bytes. Total buf: 202
[BRIDGE] TCP recv 1 bytes. Total buf: 203
[BRIDGE] TCP recv 1 bytes. Total buf: 204
[BRIDGE] TCP recv 1 bytes. Total buf: 205
[BRIDGE] TCP recv 1 bytes. Total buf: 206
[BRIDGE] TCP recv 1 bytes. Total buf: 207
[BRIDGE] TCP recv 1 bytes. Total buf: 208
[BRIDGE] TCP recv 1 bytes. Total buf: 209
[BRIDGE] TCP recv 1 bytes. Total buf: 210
[BRIDGE] TCP recv 1 bytes. Total buf: 211
[BRIDGE] TCP recv 1 bytes. Total buf: 212
[BRIDGE] TCP recv 1 bytes. Total buf: 213
[BRIDGE] TCP recv 1 bytes. Total buf: 214
[BRIDGE] TCP recv 1 bytes. Total buf: 215
[BRIDGE] TCP recv 1 bytes. Total buf: 216
[BRIDGE] TCP recv 1 bytes. Total buf: 217
[BRIDGE] TCP recv 1 bytes. Total buf: 218
[BRIDGE] TCP recv 1 bytes. Total buf: 219
[BRIDGE] TCP recv 1 bytes. Total buf: 220
[BRIDGE] TCP recv 1 bytes. Total buf: 221
[BRIDGE] TCP recv 1 bytes. Total buf: 222
[BRIDGE] TCP recv 1 bytes. Total buf: 223
[BRIDGE] TCP recv 1 bytes. Total buf: 224
[BRIDGE] TCP recv 1 bytes. Total buf: 225
[BRIDGE] TCP recv 1 bytes. Total buf: 226
[BRIDGE] TCP recv 1 bytes. Total buf: 227
[BRIDGE] TCP recv 1 bytes. Total buf: 228
[BRIDGE] TCP recv 1 bytes. Total buf: 229
[BRIDGE] TCP recv 1 bytes. Total buf: 230
[BRIDGE] TCP recv 1 bytes. Total buf: 231
[BRIDGE] TCP recv 1 bytes. Total buf: 232
[BRIDGE] TCP recv 1 bytes. Total buf: 233
[BRIDGE] TCP recv 1 bytes. Total buf: 234
[BRIDGE] TCP recv 1 bytes. Total buf: 235
[BRIDGE] TCP recv 1 bytes. Total buf: 236
[BRIDGE] TCP recv 1 bytes. Total buf: 237
[BRIDGE] TCP recv 1 bytes. Total buf: 238
[BRIDGE] TCP recv 1 bytes. Total buf: 239
[BRIDGE] TCP recv 1 bytes. Total buf: 240
[BRIDGE] TCP recv 1 bytes. Total buf: 241
[BRIDGE] TCP recv 1 bytes. Total buf: 242
[BRIDGE] TCP recv 1 bytes. Total buf: 243
[BRIDGE] TCP recv 1 bytes. Total buf: 244
[BRIDGE] TCP recv 1 bytes. Total buf: 245
[BRIDGE] TCP recv 1 bytes. Total buf: 246
[BRIDGE] TCP recv 1 bytes. Total buf: 247
[BRIDGE] TCP recv 1 bytes. Total buf: 248
[BRIDGE] TCP recv 1 bytes. Total buf: 249
[BRIDGE] TCP recv 1 bytes. Total buf: 250
[BRIDGE] TCP recv 1 bytes. Total buf: 251
[BRIDGE] TCP recv 1 bytes. Total buf: 252
[BRIDGE] TCP recv 1 bytes. Total buf: 253
[BRIDGE] TCP recv 1 bytes. Total buf: 254
[BRIDGE] TCP recv 1 bytes. Total buf: 255
[BRIDGE] TCP recv 1 bytes. Total buf: 256
[BRIDGE] TCP recv 1 bytes. Total buf: 257
[BRIDGE] TCP recv 1 bytes. Total buf: 258
[BRIDGE] TCP recv 1 bytes. Total buf: 259
[BRIDGE] TCP recv 1 bytes. Total buf: 260
[BRIDGE] TCP recv 1 bytes. Total buf: 261
[BRIDGE] TCP recv 1 bytes. Total buf: 262
[BRIDGE] TCP recv 1 bytes. Total buf: 263
[BRIDGE] TCP recv 1 bytes. Total buf: 264
[BRIDGE] TCP recv 1 bytes. Total buf: 265
[BRIDGE] TCP recv 1 bytes. Total buf: 266
[BRIDGE] TCP recv 1 bytes. Total buf: 267
[BRIDGE] TCP recv 1 bytes. Total buf: 268
[BRIDGE] TCP recv 1 bytes. Total buf: 269
[BRIDGE] TCP recv 1 bytes. Total buf: 270
[BRIDGE] TCP recv 1 bytes. Total buf: 271
[BRIDGE] TCP recv 1 bytes. Total buf: 272
[BRIDGE] TCP recv 1 bytes. Total buf: 273
[BRIDGE] TCP recv 1 bytes. Total buf: 274
[BRIDGE] TCP recv 1 bytes. Total buf: 275
[BRIDGE] TCP recv 1 bytes. Total buf: 276
[BRIDGE] TCP recv 1 bytes. Total buf: 277
[BRIDGE] TCP recv 1 bytes. Total buf: 278
[BRIDGE] TCP recv 1 bytes. Total buf: 279
[BRIDGE] TCP recv 1 bytes. Total buf: 280
[BRIDGE] TCP recv 1 bytes. Total buf: 281
[BRIDGE] TCP recv 1 bytes. Total buf: 282
[BRIDGE] TCP recv 1 bytes. Total buf: 283
[BRIDGE] TCP recv 1 bytes. Total buf: 284
[BRIDGE] TCP recv 1 bytes. Total buf: 285
[BRIDGE] TCP recv 1 bytes. Total buf: 286
[BRIDGE] TCP recv 1 bytes. Total buf: 287
[BRIDGE] TCP recv 1 bytes. Total buf: 288
[BRIDGE] TCP recv 1 bytes. Total buf: 289
[BRIDGE] TCP recv 1 bytes. Total buf: 290
[BRIDGE] TCP recv 1 bytes. Total buf: 291
[BRIDGE] TCP recv 1 bytes. Total buf: 292
[BRIDGE] TCP recv 1 bytes. Total buf: 293
[BRIDGE] TCP recv 1 bytes. Total buf: 294
[BRIDGE] TCP recv 1 bytes. Total buf: 295
[BRIDGE] TCP recv 1 bytes. Total buf: 296
[BRIDGE] TCP recv 1 bytes. Total buf: 297
[BRIDGE] TCP recv 1 bytes. Total buf: 298
[BRIDGE] TCP recv 1 bytes. Total buf: 299
[BRIDGE] TCP recv 1 bytes. Total buf: 300
[BRIDGE] TCP recv 1 bytes. Total buf: 301
[BRIDGE] TCP recv 1 bytes. Total buf: 302
[BRIDGE] TCP recv 1 bytes. Total buf: 303
[BRIDGE] TCP recv 1 bytes. Total buf: 304
[BRIDGE] TCP recv 1 bytes. Total buf: 305
[BRIDGE] TCP recv 1 bytes. Total buf: 306
[BRIDGE] TCP recv 1 bytes. Total buf: 307
[BRIDGE] TCP recv 1 bytes. Total buf: 308
[BRIDGE] TCP recv 1 bytes. Total buf: 309
[BRIDGE] TCP recv 1 bytes. Total buf: 310
[BRIDGE] TCP recv 1 bytes. Total buf: 311
[BRIDGE] TCP recv 1 bytes. Total buf: 312
[BRIDGE] TCP recv 1 bytes. Total buf: 313
[BRIDGE] TCP recv 1 bytes. Total buf: 314
[BRIDGE] TCP recv 1 bytes. Total buf: 315
[BRIDGE] TCP recv 1 bytes. Total buf: 316
[BRIDGE] TCP recv 1 bytes. Total buf: 317
[BRIDGE] TCP recv 1 bytes. Total buf: 318
[BRIDGE] TCP recv 1 bytes. Total buf: 319
[BRIDGE] TCP recv 1 bytes. Total buf: 320
[BRIDGE] TCP recv 1 bytes. Total buf: 321
[BRIDGE] TCP recv 1 bytes. Total buf: 322
[BRIDGE] TCP recv 1 bytes. Total buf: 323
[BRIDGE] TCP recv 1 bytes. Total buf: 324
[BRIDGE] TCP recv 1 bytes. Total buf: 325
[BRIDGE] TCP recv 1 bytes. Total buf: 326
[BRIDGE] TCP recv 1 bytes. Total buf: 327
[BRIDGE] TCP recv 1 bytes. Total buf: 328
[BRIDGE] TCP recv 1 bytes. Total buf: 329
[BRIDGE] TCP recv 1 bytes. Total buf: 330
[BRIDGE] TCP recv 1 bytes. Total buf: 331
[BRIDGE] TCP recv 1 bytes. Total buf: 332
[BRIDGE] TCP recv 1 bytes. Total buf: 333
[BRIDGE] TCP recv 1 bytes. Total buf: 334
[BRIDGE] TCP recv 1 bytes. Total buf: 335
[BRIDGE] TCP recv 1 bytes. Total buf: 336
[BRIDGE] TCP recv 1 bytes. Total buf: 337
[BRIDGE] TCP recv 1 bytes. Total buf: 338
[BRIDGE] TCP recv 1 bytes. Total buf: 339
[BRIDGE] TCP recv 1 bytes. Total buf: 340
[BRIDGE] TCP recv 1 bytes. Total buf: 341
[BRIDGE] TCP recv 1 bytes. Total buf: 342
[BRIDGE] TCP recv 1 bytes. Total buf: 343
[BRIDGE] TCP recv 1 bytes. Total buf: 344
[BRIDGE] TCP recv 1 bytes. Total buf: 345
[BRIDGE] TCP recv 1 bytes. Total buf: 346
[BRIDGE] TCP recv 1 bytes. Total buf: 347
[BRIDGE] TCP recv 1 bytes. Total buf: 348
[BRIDGE] TCP recv 1 bytes. Total buf: 349
[BRIDGE] TCP recv 1 bytes. Total buf: 350
[BRIDGE] TCP recv 1 bytes. Total buf: 351
[BRIDGE] TCP recv 1 bytes. Total buf: 352
[BRIDGE] TCP recv 1 bytes. Total buf: 353
[BRIDGE] TCP recv 1 bytes. Total buf: 354
[BRIDGE] TCP recv 1 bytes. Total buf: 355
[BRIDGE] TCP recv 1 bytes. Total buf: 356
[BRIDGE] TCP recv 1 bytes. Total buf: 357
[BRIDGE] TCP recv 1 bytes. Total buf: 358
[BRIDGE] TCP recv 1 bytes. Total buf: 359
[BRIDGE] TCP recv 1 bytes. Total buf: 360
[BRIDGE] TCP recv 1 bytes. Total buf: 361
[BRIDGE] TCP recv 1 bytes. Total buf: 362
[BRIDGE] TCP recv 1 bytes. Total buf: 363
[BRIDGE] TCP recv 1 bytes. Total buf: 364
[BRIDGE] TCP recv 1 bytes. Total buf: 365
[BRIDGE] TCP recv 1 bytes. Total buf: 366
[BRIDGE] TCP recv 1 bytes. Total buf: 367
[BRIDGE] TCP recv 1 bytes. Total buf: 368
[BRIDGE] TCP recv 1 bytes. Total buf: 369
[BRIDGE] TCP recv 1 bytes. Total buf: 370
[BRIDGE] TCP recv 1 bytes. Total buf: 371
[BRIDGE] TCP recv 1 bytes. Total buf: 372
[BRIDGE] TCP recv 1 bytes. Total buf: 373
[BRIDGE] TCP recv 1 bytes. Total buf: 374
[BRIDGE] TCP recv 1 bytes. Total buf: 375
[BRIDGE] TCP recv 1 bytes. Total buf: 376
[BRIDGE] TCP recv 1 bytes. Total buf: 377
[BRIDGE] TCP recv 1 bytes. Total buf: 378
[BRIDGE] TCP recv 1 bytes. Total buf: 379
[BRIDGE] TCP recv 1 bytes. Total buf: 380
[BRIDGE] TCP recv 1 bytes. Total buf: 381
[BRIDGE] TCP recv 1 bytes. Total buf: 382
[BRIDGE] TCP recv 1 bytes. Total buf: 383
[BRIDGE] TCP recv 1 bytes. Total buf: 384
[BRIDGE] TCP recv 1 bytes. Total buf: 385
[BRIDGE] TCP recv 1 bytes. Total buf: 386
[BRIDGE] TCP recv 1 bytes. Total buf: 387
[BRIDGE] TCP recv 1 bytes. Total buf: 388
[BRIDGE] TCP recv 1 bytes. Total buf: 389
[BRIDGE] TCP recv 1 bytes. Total buf: 390
[BRIDGE] TCP recv 1 bytes. Total buf: 391
[BRIDGE] TCP recv 1 bytes. Total buf: 392
[BRIDGE] TCP recv 1 bytes. Total buf: 393
[BRIDGE] TCP recv 1 bytes. Total buf: 394
[BRIDGE] TCP recv 1 bytes. Total buf: 395
[BRIDGE] TCP recv 1 bytes. Total buf: 396
[BRIDGE] TCP recv 1 bytes. Total buf: 397
[BRIDGE] TCP recv 1 bytes. Total buf: 398
[BRIDGE] TCP recv 1 bytes. Total buf: 399
[BRIDGE] TCP recv 1 bytes. Total buf: 400
[BRIDGE] TCP recv 1 bytes. Total buf: 401
[BRIDGE] TCP recv 1 bytes. Total buf: 402
[BRIDGE] TCP recv 1 bytes. Total buf: 403
[BRIDGE] TCP recv 1 bytes. Total buf: 404
[BRIDGE] TCP recv 1 bytes. Total buf: 405
[BRIDGE] TCP recv 1 bytes. Total buf: 406
[BRIDGE] TCP recv 1 bytes. Total buf: 407
[BRIDGE] TCP recv 1 bytes. Total buf: 408
[BRIDGE] TCP recv 1 bytes. Total buf: 409
[BRIDGE] TCP recv 1 bytes. Total buf: 410
[BRIDGE] TCP recv 1 bytes. Total buf: 411
[BRIDGE] TCP recv 1 bytes. Total buf: 412
[BRIDGE] TCP recv 1 bytes. Total buf: 413
[BRIDGE] TCP recv 1 bytes. Total buf: 414
[BRIDGE] TCP recv 1 bytes. Total buf: 415
[BRIDGE] TCP recv 1 bytes. Total buf: 416
[BRIDGE] TCP recv 1 bytes. Total buf: 417
[BRIDGE] TCP recv 1 bytes. Total buf: 418
[BRIDGE] TCP recv 1 bytes. Total buf: 419
[BRIDGE] TCP recv 1 bytes. Total buf: 420
[BRIDGE] TCP recv 1 bytes. Total buf: 421
[BRIDGE] TCP recv 1 bytes. Total buf: 422
[BRIDGE] TCP recv 1 bytes. Total buf: 423
[BRIDGE] TCP recv 1 bytes. Total buf: 424
[BRIDGE] TCP recv 1 bytes. Total buf: 425
[BRIDGE] TCP recv 1 bytes. Total buf: 426
[BRIDGE] TCP recv 1 bytes. Total buf: 427
[BRIDGE] TCP recv 1 bytes. Total buf: 428
[BRIDGE] TCP recv 1 bytes. Total buf: 429
[BRIDGE] TCP recv 1 bytes. Total buf: 430
[BRIDGE] TCP recv 1 bytes. Total buf: 431
[BRIDGE] TCP recv 1 bytes. Total buf: 432
[BRIDGE] TCP recv 1 bytes. Total buf: 433
[BRIDGE] TCP recv 1 bytes. Total buf: 434
[BRIDGE] TCP recv 1 bytes. Total buf: 435
[BRIDGE] TCP recv 1 bytes. Total buf: 436
[BRIDGE] TCP recv 1 bytes. Total buf: 437
[BRIDGE] TCP recv 1 bytes. Total buf: 438
[BRIDGE] TCP recv 1 bytes. Total buf: 439
[BRIDGE] TCP recv 1 bytes. Total buf: 440
[BRIDGE] TCP recv 1 bytes. Total buf: 441
[BRIDGE] TCP recv 1 bytes. Total buf: 442
[BRIDGE] TCP recv 1 bytes. Total buf: 443
[BRIDGE] TCP recv 1 bytes. Total buf: 444
[BRIDGE] TCP recv 1 bytes. Total buf: 445
[BRIDGE] TCP recv 1 bytes. Total buf: 446
[BRIDGE] TCP recv 1 bytes. Total buf: 447
[BRIDGE] TCP recv 1 bytes. Total buf: 448
[BRIDGE] TCP recv 1 bytes. Total buf: 449
[BRIDGE] TCP recv 1 bytes. Total buf: 450
[BRIDGE] TCP recv 1 bytes. Total buf: 451
[BRIDGE] TCP recv 1 bytes. Total buf: 452
[BRIDGE] TCP recv 1 bytes. Total buf: 453
[BRIDGE] TCP recv 1 bytes. Total buf: 454
[BRIDGE] TCP recv 1 bytes. Total buf: 455
[BRIDGE] TCP recv 1 bytes. Total buf: 456
[BRIDGE] TCP recv 1 bytes. Total buf: 457
[BRIDGE] TCP recv 1 bytes. Total buf: 458
[BRIDGE] TCP recv 1 bytes. Total buf: 459
[BRIDGE] TCP recv 1 bytes. Total buf: 460
[BRIDGE] TCP recv 1 bytes. Total buf: 461
[BRIDGE] TCP recv 1 bytes. Total buf: 462
[BRIDGE] TCP recv 1 bytes. Total buf: 463
[BRIDGE] TCP recv 1 bytes. Total buf: 464
[BRIDGE] TCP recv 1 bytes. Total buf: 465
[BRIDGE] TCP recv 1 bytes. Total buf: 466
[BRIDGE] TCP recv 1 bytes. Total buf: 467
[BRIDGE] TCP recv 1 bytes. Total buf: 468
[BRIDGE] TCP recv 1 bytes. Total buf: 469
[BRIDGE] TCP recv 1 bytes. Total buf: 470
[BRIDGE] TCP recv 1 bytes. Total buf: 471
[BRIDGE] TCP recv 1 bytes. Total buf: 472
[BRIDGE] TCP recv 1 bytes. Total buf: 473
[BRIDGE] TCP recv 1 bytes. Total buf: 474
[BRIDGE] TCP recv 1 bytes. Total buf: 475
[BRIDGE] TCP recv 1 bytes. Total buf: 476
[BRIDGE] TCP recv 1 bytes. Total buf: 477
[BRIDGE] TCP recv 1 bytes. Total buf: 478
[BRIDGE] TCP recv 1 bytes. Total buf: 479
[BRIDGE] TCP recv 1 bytes. Total buf: 480
[BRIDGE] TCP recv 1 bytes. Total buf: 481
[BRIDGE] TCP recv 1 bytes. Total buf: 482
[BRIDGE] TCP recv 1 bytes. Total buf: 483
[BRIDGE] TCP recv 1 bytes. Total buf: 484
[BRIDGE] TCP recv 1 bytes. Total buf: 485
[BRIDGE] TCP recv 1 bytes. Total buf: 486
[BRIDGE] TCP recv 1 bytes. Total buf: 487
[BRIDGE] TCP recv 1 bytes. Total buf: 488
[BRIDGE] TCP recv 1 bytes. Total buf: 489
[BRIDGE] TCP recv 1 bytes. Total buf: 490
[BRIDGE] TCP recv 1 bytes. Total buf: 491
[BRIDGE] TCP recv 1 bytes. Total buf: 492
[BRIDGE] TCP recv 1 bytes. Total buf: 493
[BRIDGE] TCP recv 1 bytes. Total buf: 494
[BRIDGE] TCP recv 1 bytes. Total buf: 495
[BRIDGE] TCP recv 1 bytes. Total buf: 496
[BRIDGE] TCP recv 1 bytes. Total buf: 497
[BRIDGE] TCP recv 1 bytes. Total buf: 498
[BRIDGE] TCP recv 1 bytes. Total buf: 499
[BRIDGE] TCP recv 1 bytes. Total buf: 500
[BRIDGE] TCP recv 1 bytes. Total buf: 501
[BRIDGE] TCP recv 1 bytes. Total buf: 502
[BRIDGE] TCP recv 1 bytes. Total buf: 503
[BRIDGE] TCP recv 1 bytes. Total buf: 504
[BRIDGE] TCP recv 1 bytes. Total buf: 505
[BRIDGE] TCP recv 1 bytes. Total buf: 506
[BRIDGE] TCP recv 1 bytes. Total buf: 507
[BRIDGE] TCP recv 1 bytes. Total buf: 508
[BRIDGE] TCP recv 1 bytes. Total buf: 509
[BRIDGE] TCP recv 1 bytes. Total buf: 510
[BRIDGE] TCP recv 1 bytes. Total buf: 511
[BRIDGE] TCP recv 1 bytes. Total buf: 512
[BRIDGE] TCP recv 1 bytes. Total buf: 513
[BRIDGE] TCP recv 1 bytes. Total buf: 514
[BRIDGE] TCP recv 1 bytes. Total buf: 515
[BRIDGE] TCP recv 1 bytes. Total buf: 516
[BRIDGE] TCP recv 1 bytes. Total buf: 517
[BRIDGE] TCP recv 1 bytes. Total buf: 518
[BRIDGE] TCP recv 1 bytes. Total buf: 519
[BRIDGE] TCP recv 1 bytes. Total buf: 520
[BRIDGE] TCP recv 1 bytes. Total buf: 521
[BRIDGE] TCP recv 1 bytes. Total buf: 522
[BRIDGE] TCP recv 1 bytes. Total buf: 523
[BRIDGE] TCP recv 1 bytes. Total buf: 524
[BRIDGE] TCP recv 1 bytes. Total buf: 525
[BRIDGE] TCP recv 1 bytes. Total buf: 526
[BRIDGE] TCP recv 1 bytes. Total buf: 527
[BRIDGE] TCP recv 1 bytes. Total buf: 528
[BRIDGE] TCP recv 1 bytes. Total buf: 529
[BRIDGE] TCP recv 1 bytes. Total buf: 530
[BRIDGE] TCP recv 1 bytes. Total buf: 531
[BRIDGE] TCP recv 1 bytes. Total buf: 532
[BRIDGE] TCP recv 1 bytes. Total buf: 533
[BRIDGE] TCP recv 1 bytes. Total buf: 534
[BRIDGE] TCP recv 1 bytes. Total buf: 535
[BRIDGE] TCP recv 1 bytes. Total buf: 536
[BRIDGE] TCP recv 1 bytes. Total buf: 537
[BRIDGE] TCP recv 1 bytes. Total buf: 538
[BRIDGE] TCP recv 1 bytes. Total buf: 539
[BRIDGE] TCP recv 1 bytes. Total buf: 540
[BRIDGE] TCP recv 1 bytes. Total buf: 541
[BRIDGE] TCP recv 1 bytes. Total buf: 542
[BRIDGE] TCP recv 1 bytes. Total buf: 543
[BRIDGE] TCP recv 1 bytes. Total buf: 544
[BRIDGE] TCP recv 1 bytes. Total buf: 545
[BRIDGE] TCP recv 1 bytes. Total buf: 546
[BRIDGE] TCP recv 1 bytes. Total buf: 547
[BRIDGE] TCP recv 1 bytes. Total buf: 548
[BRIDGE] TCP recv 1 bytes. Total buf: 549
[BRIDGE] TCP recv 1 bytes. Total buf: 550
[BRIDGE] TCP recv 1 bytes. Total buf: 551
[BRIDGE] TCP recv 1 bytes. Total buf: 552
[BRIDGE] TCP recv 1 bytes. Total buf: 553
[BRIDGE] TCP recv 1 bytes. Total buf: 554
[BRIDGE] TCP recv 1 bytes. Total buf: 555
[BRIDGE] TCP recv 1 bytes. Total buf: 556
[BRIDGE] TCP recv 1 bytes. Total buf: 557
[BRIDGE] TCP recv 1 bytes. Total buf: 558
[BRIDGE] TCP recv 1 bytes. Total buf: 559
[BRIDGE] TCP recv 1 bytes. Total buf: 560
[BRIDGE] TCP recv 1 bytes. Total buf: 561
[BRIDGE] TCP recv 1 bytes. Total buf: 562
[BRIDGE] TCP recv 1 bytes. Total buf: 563
[BRIDGE] TCP recv 1 bytes. Total buf: 564
[BRIDGE] TCP recv 1 bytes. Total buf: 565
[BRIDGE] TCP recv 1 bytes. Total buf: 566
[BRIDGE] TCP recv 1 bytes. Total buf: 567
[BRIDGE] TCP recv 1 bytes. Total buf: 568
[BRIDGE] TCP recv 1 bytes. Total buf: 569
[BRIDGE] TCP recv 1 bytes. Total buf: 570
[BRIDGE] TCP recv 1 bytes. Total buf: 571
[BRIDGE] TCP recv 1 bytes. Total buf: 572
[BRIDGE] TCP recv 1 bytes. Total buf: 573
[BRIDGE] TCP recv 1 bytes. Total buf: 574
[BRIDGE] TCP recv 1 bytes. Total buf: 575
[BRIDGE] TCP recv 1 bytes. Total buf: 576
[BRIDGE] TCP recv 1 bytes. Total buf: 577
[BRIDGE] TCP recv 1 bytes. Total buf: 578
[BRIDGE] TCP recv 1 bytes. Total buf: 579
[BRIDGE] TCP recv 1 bytes. Total buf: 580
[BRIDGE] TCP recv 1 bytes. Total buf: 581
[BRIDGE] TCP recv 1 bytes. Total buf: 582
[BRIDGE] TCP recv 1 bytes. Total buf: 583
[BRIDGE] TCP recv 1 bytes. Total buf: 584
[BRIDGE] TCP recv 1 bytes. Total buf: 585
[BRIDGE] TCP recv 1 bytes. Total buf: 586
[BRIDGE] TCP recv 1 bytes. Total buf: 587
[BRIDGE] TCP recv 1 bytes. Total buf: 588
[BRIDGE] TCP recv 1 bytes. Total buf: 589
[BRIDGE] TCP recv 1 bytes. Total buf: 590
[BRIDGE] TCP recv 1 bytes. Total buf: 591
[BRIDGE] TCP recv 1 bytes. Total buf: 592
[BRIDGE] TCP recv 1 bytes. Total buf: 593
[BRIDGE] TCP recv 1 bytes. Total buf: 594
[BRIDGE] TCP recv 1 bytes. Total buf: 595
[BRIDGE] TCP recv 1 bytes. Total buf: 596
[BRIDGE] TCP recv 1 bytes. Total buf: 597
[BRIDGE] TCP recv 1 bytes. Total buf: 598
[BRIDGE] TCP recv 1 bytes. Total buf: 599
[BRIDGE] TCP recv 1 bytes. Total buf: 600
[BRIDGE] TCP recv 1 bytes. Total buf: 601
[BRIDGE] TCP recv 1 bytes. Total buf: 602
[BRIDGE] TCP recv 1 bytes. Total buf: 603
[BRIDGE] TCP recv 1 bytes. Total buf: 604
[BRIDGE] TCP recv 1 bytes. Total buf: 605
[BRIDGE] TCP recv 1 bytes. Total buf: 606
[BRIDGE] TCP recv 1 bytes. Total buf: 607
[BRIDGE] TCP recv 1 bytes. Total buf: 608
[BRIDGE] TCP recv 1 bytes. Total buf: 609
[BRIDGE] TCP recv 1 bytes. Total buf: 610
[BRIDGE] TCP recv 1 bytes. Total buf: 611
[BRIDGE] TCP recv 1 bytes. Total buf: 612
[BRIDGE] TCP recv 1 bytes. Total buf: 613
[BRIDGE] TCP recv 1 bytes. Total buf: 614
[BRIDGE] TCP recv 1 bytes. Total buf: 615
[BRIDGE] TCP recv 1 bytes. Total buf: 616
[BRIDGE] TCP recv 1 bytes. Total buf: 617
[BRIDGE] TCP recv 1 bytes. Total buf: 618
[BRIDGE] TCP recv 1 bytes. Total buf: 619
[BRIDGE] TCP recv 1 bytes. Total buf: 620
[BRIDGE] TCP recv 1 bytes. Total buf: 621
[BRIDGE] TCP recv 1 bytes. Total buf: 622
[BRIDGE] TCP recv 1 bytes. Total buf: 623
[BRIDGE] TCP recv 1 bytes. Total buf: 624
[BRIDGE] TCP recv 1 bytes. Total buf: 625
[BRIDGE] TCP recv 1 bytes. Total buf: 626
[BRIDGE] TCP recv 1 bytes. Total buf: 627
[BRIDGE] TCP recv 1 bytes. Total buf: 628
[BRIDGE] TCP recv 1 bytes. Total buf: 629
[BRIDGE] TCP recv 1 bytes. Total buf: 630
[BRIDGE] TCP recv 1 bytes. Total buf: 631
[BRIDGE] TCP recv 1 bytes. Total buf: 632
[BRIDGE] TCP recv 1 bytes. Total buf: 633
[BRIDGE] TCP recv 1 bytes. Total buf: 634
[BRIDGE] TCP recv 1 bytes. Total buf: 635
[BRIDGE] TCP recv 1 bytes. Total buf: 636
[BRIDGE] TCP recv 1 bytes. Total buf: 637
[BRIDGE] TCP recv 1 bytes. Total buf: 638
[BRIDGE] TCP recv 1 bytes. Total buf: 639
[BRIDGE] TCP recv 1 bytes. Total buf: 640
[BRIDGE] TCP recv 1 bytes. Total buf: 641
[BRIDGE] TCP recv 1 bytes. Total buf: 642
[BRIDGE] TCP recv 1 bytes. Total buf: 643
[BRIDGE] TCP recv 1 bytes. Total buf: 644
[BRIDGE] TCP recv 1 bytes. Total buf: 645
[BRIDGE] TCP recv 1 bytes. Total buf: 646
[BRIDGE] TCP recv 1 bytes. Total buf: 647
[BRIDGE] TCP recv 1 bytes. Total buf: 648
[BRIDGE] TCP recv 1 bytes. Total buf: 649
[BRIDGE] TCP recv 1 bytes. Total buf: 650
[BRIDGE] TCP recv 1 bytes. Total buf: 651
[BRIDGE] TCP recv 1 bytes. Total buf: 652
[BRIDGE] TCP recv 1 bytes. Total buf: 653
[BRIDGE] TCP recv 1 bytes. Total buf: 654
[BRIDGE] TCP recv 1 bytes. Total buf: 655
[BRIDGE] TCP recv 1 bytes. Total buf: 656
[BRIDGE] TCP recv 1 bytes. Total buf: 657
[BRIDGE] TCP recv 1 bytes. Total buf: 658
[BRIDGE] TCP recv 1 bytes. Total buf: 659
[BRIDGE] TCP recv 1 bytes. Total buf: 660
[BRIDGE] TCP recv 1 bytes. Total buf: 661
[BRIDGE] TCP recv 1 bytes. Total buf: 662
[BRIDGE] TCP recv 1 bytes. Total buf: 663
[BRIDGE] TCP recv 1 bytes. Total buf: 664
[BRIDGE] TCP recv 1 bytes. Total buf: 665
[BRIDGE] TCP recv 1 bytes. Total buf: 666
[BRIDGE] TCP recv 1 bytes. Total buf: 667
[BRIDGE] TCP recv 1 bytes. Total buf: 668
[BRIDGE] TCP recv 1 bytes. Total buf: 669
[BRIDGE] TCP recv 1 bytes. Total buf: 670
[BRIDGE] TCP recv 1 bytes. Total buf: 671
[BRIDGE] TCP recv 1 bytes. Total buf: 672
[BRIDGE] TCP recv 1 bytes. Total buf: 673
[BRIDGE] TCP recv 1 bytes. Total buf: 674
[BRIDGE] TCP recv 1 bytes. Total buf: 675
[BRIDGE] TCP recv 1 bytes. Total buf: 676
[BRIDGE] TCP recv 1 bytes. Total buf: 677
[BRIDGE] TCP recv 1 bytes. Total buf: 678
[BRIDGE] TCP recv 1 bytes. Total buf: 679
[BRIDGE] TCP recv 1 bytes. Total buf: 680
[BRIDGE] TCP recv 1 bytes. Total buf: 681
[BRIDGE] TCP recv 1 bytes. Total buf: 682
[BRIDGE] TCP recv 1 bytes. Total buf: 683
[BRIDGE] TCP recv 1 bytes. Total buf: 684
[BRIDGE] TCP recv 1 bytes. Total buf: 685
[BRIDGE] TCP recv 1 bytes. Total buf: 686
[BRIDGE] TCP recv 1 bytes. Total buf: 687
[BRIDGE] TCP recv 1 bytes. Total buf: 688
[BRIDGE] TCP recv 1 bytes. Total buf: 689
[BRIDGE] TCP recv 1 bytes. Total buf: 690
[BRIDGE] TCP recv 1 bytes. Total buf: 691
[BRIDGE] TCP recv 1 bytes. Total buf: 692
[BRIDGE] TCP recv 1 bytes. Total buf: 693
[BRIDGE] TCP recv 1 bytes. Total buf: 694
[BRIDGE] TCP recv 1 bytes. Total buf: 695
[BRIDGE] TCP recv 1 bytes. Total buf: 696
[BRIDGE] TCP recv 1 bytes. Total buf: 697
[BRIDGE] TCP recv 1 bytes. Total buf: 698
[BRIDGE] TCP recv 1 bytes. Total buf: 699
[BRIDGE] TCP recv 1 bytes. Total buf: 700
[BRIDGE] TCP recv 1 bytes. Total buf: 701
[BRIDGE] TCP recv 1 bytes. Total buf: 702
[BRIDGE] TCP recv 1 bytes. Total buf: 703
[BRIDGE] TCP recv 1 bytes. Total buf: 704
[BRIDGE] TCP recv 1 bytes. Total buf: 705
[BRIDGE] TCP recv 1 bytes. Total buf: 706
[BRIDGE] TCP recv 1 bytes. Total buf: 707
[BRIDGE] TCP recv 1 bytes. Total buf: 708
[BRIDGE] TCP recv 1 bytes. Total buf: 709
[BRIDGE] TCP recv 1 bytes. Total buf: 710
[BRIDGE] TCP recv 1 bytes. Total buf: 711
[BRIDGE] TCP recv 1 bytes. Total buf: 712
[BRIDGE] TCP recv 1 bytes. Total buf: 713
[BRIDGE] TCP recv 1 bytes. Total buf: 714
[BRIDGE] TCP recv 1 bytes. Total buf: 715
[BRIDGE] TCP recv 1 bytes. Total buf: 716
[BRIDGE] TCP recv 1 bytes. Total buf: 717
[BRIDGE] TCP recv 1 bytes. Total buf: 718
[BRIDGE] TCP recv 1 bytes. Total buf: 719
[BRIDGE] TCP recv 1 bytes. Total buf: 720
[BRIDGE] TCP recv 1 bytes. Total buf: 721
[BRIDGE] TCP recv 1 bytes. Total buf: 722
[BRIDGE] TCP recv 1 bytes. Total buf: 723
[BRIDGE] TCP recv 1 bytes. Total buf: 724
[BRIDGE] TCP recv 1 bytes. Total buf: 725
[BRIDGE] TCP recv 1 bytes. Total buf: 726
[BRIDGE] TCP recv 1 bytes. Total buf: 727
[BRIDGE] TCP recv 1 bytes. Total buf: 728
[BRIDGE] TCP recv 1 bytes. Total buf: 729
[BRIDGE] TCP recv 1 bytes. Total buf: 730
[BRIDGE] TCP recv 1 bytes. Total buf: 731
[BRIDGE] TCP recv 1 bytes. Total buf: 732
[BRIDGE] TCP recv 1 bytes. Total buf: 733
[BRIDGE] TCP recv 1 bytes. Total buf: 734
[BRIDGE] TCP recv 1 bytes. Total buf: 735
[BRIDGE] TCP recv 1 bytes. Total buf: 736
[BRIDGE] TCP recv 1 bytes. Total buf: 737
[BRIDGE] TCP recv 1 bytes. Total buf: 738
[BRIDGE] TCP recv 1 bytes. Total buf: 739
[BRIDGE] TCP recv 1 bytes. Total buf: 740
[BRIDGE] TCP recv 1 bytes. Total buf: 741
[BRIDGE] TCP recv 1 bytes. Total buf: 742
[BRIDGE] TCP recv 1 bytes. Total buf: 743
[BRIDGE] TCP recv 1 bytes. Total buf: 744
[BRIDGE] TCP recv 1 bytes. Total buf: 745
[BRIDGE] TCP recv 1 bytes. Total buf: 746
[BRIDGE] TCP recv 1 bytes. Total buf: 747
[BRIDGE] TCP recv 1 bytes. Total buf: 748
[BRIDGE] TCP recv 1 bytes. Total buf: 749
[BRIDGE] TCP recv 1 bytes. Total buf: 750
[BRIDGE] TCP recv 1 bytes. Total buf: 751
[BRIDGE] TCP recv 1 bytes. Total buf: 752
[BRIDGE] TCP recv 1 bytes. Total buf: 753
[BRIDGE] TCP recv 1 bytes. Total buf: 754
[BRIDGE] TCP recv 1 bytes. Total buf: 755
[BRIDGE] TCP->UDP: Dropped 755 bytes of non-DTLS data (debug text)
[BRIDGE] TCP recv 1 bytes. Total buf: 1
[BRIDGE] TCP recv 2 bytes. Total buf: 3
[BRIDGE] TCP recv 1 bytes. Total buf: 4
[BRIDGE] TCP recv 1 bytes. Total buf: 5
[BRIDGE] TCP recv 1 bytes. Total buf: 6
[BRIDGE] TCP recv 1 bytes. Total buf: 7
[BRIDGE] TCP recv 1 bytes. Total buf: 8
[BRIDGE] TCP recv 1 bytes. Total buf: 9
[BRIDGE] TCP recv 1 bytes. Total buf: 10
[BRIDGE] TCP recv 1 bytes. Total buf: 11
[BRIDGE] TCP recv 1 bytes. Total buf: 12
[BRIDGE] TCP recv 1 bytes. Total buf: 13
[BRIDGE] TCP recv 1 bytes. Total buf: 14
[BRIDGE] TCP recv 1 bytes. Total buf: 15
[BRIDGE] TCP recv 1 bytes. Total buf: 16
[BRIDGE] TCP recv 1 bytes. Total buf: 17
[BRIDGE] TCP recv 1 bytes. Total buf: 18
[BRIDGE] TCP recv 1 bytes. Total buf: 19
[BRIDGE] TCP->UDP: Dropped 19 bytes of non-DTLS data (debug text)
