In file included from gen_cert.c:4:
/home/neginegi/projects/ps/wolfssl/wolfssl/wolfcrypt/settings.h:4476:2: warning: #warning "Using DTLS 1.3 + pqc without WOLFSSL_DTLS_CH_FRAG will probably" "fail.Use --enable-dtls-frag-ch to enable it." [-Wcpp]
 4476 | #warning "Using DTLS 1.3 + pqc without WOLFSSL_DTLS_CH_FRAG will probably" \
      |  ^~~~~~~
gen_cert.c: In function ‘main’:
gen_cert.c:96:5: warning: implicit declaration of function ‘wolfSSL_Debugging_ON’ [-Wimplicit-function-declaration]
   96 |     wolfSSL_Debugging_ON();
      |     ^~~~~~~~~~~~~~~~~~~~
In file included from /home/neginegi/projects/ps/wolfssl/wolfssl/wolfcrypt/types.h:34,
                 from /home/neginegi/projects/ps/wolfssl/wolfssl/wolfcrypt/libwolfssl_sources.h:46,
                 from boot/asn.c:38:
/home/neginegi/projects/ps/wolfssl/wolfssl/wolfcrypt/settings.h:4065:14: warning: #warning "For timing resistance / side-channel attack prevention consider using harden options" [-Wcpp]
 4065 |             #warning "For timing resistance / side-channel attack prevention consider using harden options"
      |              ^~~~~~~
In file included from /home/neginegi/projects/ps/wolfssl/wolfssl/wolfcrypt/types.h:34,
                 from /home/neginegi/projects/ps/wolfssl/wolfssl/wolfcrypt/libwolfssl_sources.h:46,
                 from /home/neginegi/projects/ps/wolfssl/wolfcrypt/src/coding.c:22:
/home/neginegi/projects/ps/wolfssl/wolfssl/wolfcrypt/settings.h:4065:14: warning: #warning "For timing resistance / side-channel attack prevention consider using harden options" [-Wcpp]
 4065 |             #warning "For timing resistance / side-channel attack prevention consider using harden options"
      |              ^~~~~~~
In file included from /home/neginegi/projects/ps/wolfssl/wolfssl/wolfcrypt/types.h:34,
                 from /home/neginegi/projects/ps/wolfssl/wolfssl/wolfcrypt/libwolfssl_sources.h:46,
                 from /home/neginegi/projects/ps/wolfssl/wolfcrypt/src/dilithium.c:133:
/home/neginegi/projects/ps/wolfssl/wolfssl/wolfcrypt/settings.h:4065:14: warning: #warning "For timing resistance / side-channel attack prevention consider using harden options" [-Wcpp]
 4065 |             #warning "For timing resistance / side-channel attack prevention consider using harden options"
      |              ^~~~~~~
In file included from /home/neginegi/projects/ps/wolfssl/wolfssl/wolfcrypt/types.h:34,
                 from /home/neginegi/projects/ps/wolfssl/wolfssl/wolfcrypt/libwolfssl_sources.h:46,
                 from /home/neginegi/projects/ps/wolfssl/wolfcrypt/src/error.c:22:
/home/neginegi/projects/ps/wolfssl/wolfssl/wolfcrypt/settings.h:4065:14: warning: #warning "For timing resistance / side-channel attack prevention consider using harden options" [-Wcpp]
 4065 |             #warning "For timing resistance / side-channel attack prevention consider using harden options"
      |              ^~~~~~~
In file included from /home/neginegi/projects/ps/wolfssl/wolfssl/wolfcrypt/types.h:34,
                 from /home/neginegi/projects/ps/wolfssl/wolfssl/wolfcrypt/libwolfssl_sources.h:46,
                 from /home/neginegi/projects/ps/wolfssl/wolfcrypt/src/hash.c:22:
/home/neginegi/projects/ps/wolfssl/wolfssl/wolfcrypt/settings.h:4065:14: warning: #warning "For timing resistance / side-channel attack prevention consider using harden options" [-Wcpp]
 4065 |             #warning "For timing resistance / side-channel attack prevention consider using harden options"
      |              ^~~~~~~
In file included from /home/neginegi/projects/ps/wolfssl/wolfssl/wolfcrypt/types.h:34,
                 from /home/neginegi/projects/ps/wolfssl/wolfssl/wolfcrypt/libwolfssl_sources.h:46,
                 from /home/neginegi/projects/ps/wolfssl/wolfcrypt/src/logging.c:22:
/home/neginegi/projects/ps/wolfssl/wolfssl/wolfcrypt/settings.h:4065:14: warning: #warning "For timing resistance / side-channel attack prevention consider using harden options" [-Wcpp]
 4065 |             #warning "For timing resistance / side-channel attack prevention consider using harden options"
      |              ^~~~~~~
In file included from /home/neginegi/projects/ps/wolfssl/wolfssl/wolfcrypt/types.h:34,
                 from /home/neginegi/projects/ps/wolfssl/wolfssl/wolfcrypt/libwolfssl_sources.h:46,
                 from /home/neginegi/projects/ps/wolfssl/wolfcrypt/src/memory.c:29:
/home/neginegi/projects/ps/wolfssl/wolfssl/wolfcrypt/settings.h:4065:14: warning: #warning "For timing resistance / side-channel attack prevention consider using harden options" [-Wcpp]
 4065 |             #warning "For timing resistance / side-channel attack prevention consider using harden options"
      |              ^~~~~~~
In file included from /home/neginegi/projects/ps/wolfssl/wolfssl/wolfcrypt/types.h:34,
                 from /home/neginegi/projects/ps/wolfssl/wolfssl/wolfcrypt/libwolfssl_sources.h:46,
                 from /home/neginegi/projects/ps/wolfssl/wolfcrypt/src/random.c:47:
/home/neginegi/projects/ps/wolfssl/wolfssl/wolfcrypt/settings.h:4065:14: warning: #warning "For timing resistance / side-channel attack prevention consider using harden options" [-Wcpp]
 4065 |             #warning "For timing resistance / side-channel attack prevention consider using harden options"
      |              ^~~~~~~
In file included from /home/neginegi/projects/ps/wolfssl/wolfssl/wolfcrypt/types.h:34,
                 from /home/neginegi/projects/ps/wolfssl/wolfssl/wolfcrypt/libwolfssl_sources.h:46,
                 from /home/neginegi/projects/ps/wolfssl/wolfcrypt/src/sha3.c:22:
/home/neginegi/projects/ps/wolfssl/wolfssl/wolfcrypt/settings.h:4065:14: warning: #warning "For timing resistance / side-channel attack prevention consider using harden options" [-Wcpp]
 4065 |             #warning "For timing resistance / side-channel attack prevention consider using harden options"
      |              ^~~~~~~
In file included from /home/neginegi/projects/ps/wolfssl/wolfssl/wolfcrypt/types.h:34,
                 from /home/neginegi/projects/ps/wolfssl/wolfssl/wolfcrypt/libwolfssl_sources.h:46,
                 from /home/neginegi/projects/ps/wolfssl/wolfcrypt/src/signature.c:22:
/home/neginegi/projects/ps/wolfssl/wolfssl/wolfcrypt/settings.h:4065:14: warning: #warning "For timing resistance / side-channel attack prevention consider using harden options" [-Wcpp]
 4065 |             #warning "For timing resistance / side-channel attack prevention consider using harden options"
      |              ^~~~~~~
In file included from /home/neginegi/projects/ps/wolfssl/wolfssl/wolfcrypt/types.h:34,
                 from /home/neginegi/projects/ps/wolfssl/wolfssl/wolfcrypt/libwolfssl_sources.h:46,
                 from /home/neginegi/projects/ps/wolfssl/wolfcrypt/src/wc_port.c:22:
/home/neginegi/projects/ps/wolfssl/wolfssl/wolfcrypt/settings.h:4065:14: warning: #warning "For timing resistance / side-channel attack prevention consider using harden options" [-Wcpp]
 4065 |             #warning "For timing resistance / side-channel attack prevention consider using harden options"
      |              ^~~~~~~
In file included from /home/neginegi/projects/ps/wolfssl/wolfssl/wolfcrypt/types.h:34,
                 from /home/neginegi/projects/ps/wolfssl/wolfssl/wolfcrypt/libwolfssl_sources.h:46,
                 from /home/neginegi/projects/ps/wolfssl/wolfcrypt/src/wc_encrypt.c:22:
/home/neginegi/projects/ps/wolfssl/wolfssl/wolfcrypt/settings.h:4065:14: warning: #warning "For timing resistance / side-channel attack prevention consider using harden options" [-Wcpp]
 4065 |             #warning "For timing resistance / side-channel attack prevention consider using harden options"
      |              ^~~~~~~
In file included from /home/neginegi/projects/ps/wolfssl/wolfssl/wolfcrypt/types.h:34,
                 from /home/neginegi/projects/ps/wolfssl/wolfssl/wolfcrypt/libwolfssl_sources.h:46,
                 from /home/neginegi/projects/ps/wolfssl/wolfcrypt/src/wolfmath.c:29:
/home/neginegi/projects/ps/wolfssl/wolfssl/wolfcrypt/settings.h:4065:14: warning: #warning "For timing resistance / side-channel attack prevention consider using harden options" [-Wcpp]
 4065 |             #warning "For timing resistance / side-channel attack prevention consider using harden options"
      |              ^~~~~~~
In file included from /home/neginegi/projects/ps/wolfssl/wolfssl/wolfcrypt/types.h:34,
                 from /home/neginegi/projects/ps/wolfssl/wolfssl/wolfcrypt/libwolfssl_sources.h:46,
                 from /home/neginegi/projects/ps/wolfssl/wolfcrypt/src/ecc.c:22:
/home/neginegi/projects/ps/wolfssl/wolfssl/wolfcrypt/settings.h:4065:14: warning: #warning "For timing resistance / side-channel attack prevention consider using harden options" [-Wcpp]
 4065 |             #warning "For timing resistance / side-channel attack prevention consider using harden options"
      |              ^~~~~~~
In file included from /home/neginegi/projects/ps/wolfssl/wolfssl/wolfcrypt/types.h:34,
                 from /home/neginegi/projects/ps/wolfssl/wolfssl/wolfcrypt/libwolfssl_sources.h:46,
                 from /home/neginegi/projects/ps/wolfssl/wolfcrypt/src/sha256.c:41:
/home/neginegi/projects/ps/wolfssl/wolfssl/wolfcrypt/settings.h:4065:14: warning: #warning "For timing resistance / side-channel attack prevention consider using harden options" [-Wcpp]
 4065 |             #warning "For timing resistance / side-channel attack prevention consider using harden options"
      |              ^~~~~~~
In file included from /home/neginegi/projects/ps/wolfssl/wolfssl/wolfcrypt/types.h:34,
                 from /home/neginegi/projects/ps/wolfssl/wolfssl/wolfcrypt/libwolfssl_sources.h:46,
                 from /home/neginegi/projects/ps/wolfssl/wolfcrypt/src/sha512.c:22:
/home/neginegi/projects/ps/wolfssl/wolfssl/wolfcrypt/settings.h:4065:14: warning: #warning "For timing resistance / side-channel attack prevention consider using harden options" [-Wcpp]
 4065 |             #warning "For timing resistance / side-channel attack prevention consider using harden options"
      |              ^~~~~~~
In file included from /home/neginegi/projects/ps/wolfssl/wolfssl/wolfcrypt/types.h:34,
                 from /home/neginegi/projects/ps/wolfssl/wolfssl/wolfcrypt/libwolfssl_sources.h:46,
                 from /home/neginegi/projects/ps/wolfssl/wolfcrypt/src/aes.c:32:
/home/neginegi/projects/ps/wolfssl/wolfssl/wolfcrypt/settings.h:4065:14: warning: #warning "For timing resistance / side-channel attack prevention consider using harden options" [-Wcpp]
 4065 |             #warning "For timing resistance / side-channel attack prevention consider using harden options"
      |              ^~~~~~~
In file included from /home/neginegi/projects/ps/wolfssl/wolfssl/wolfcrypt/types.h:34,
                 from /home/neginegi/projects/ps/wolfssl/wolfssl/wolfcrypt/libwolfssl_sources.h:46,
                 from /home/neginegi/projects/ps/wolfssl/wolfcrypt/src/poly1305.c:39:
/home/neginegi/projects/ps/wolfssl/wolfssl/wolfcrypt/settings.h:4065:14: warning: #warning "For timing resistance / side-channel attack prevention consider using harden options" [-Wcpp]
 4065 |             #warning "For timing resistance / side-channel attack prevention consider using harden options"
      |              ^~~~~~~
In file included from /home/neginegi/projects/ps/wolfssl/wolfssl/wolfcrypt/types.h:34,
                 from /home/neginegi/projects/ps/wolfssl/wolfssl/wolfcrypt/libwolfssl_sources.h:46,
                 from /home/neginegi/projects/ps/wolfssl/wolfcrypt/src/chacha.c:32:
/home/neginegi/projects/ps/wolfssl/wolfssl/wolfcrypt/settings.h:4065:14: warning: #warning "For timing resistance / side-channel attack prevention consider using harden options" [-Wcpp]
 4065 |             #warning "For timing resistance / side-channel attack prevention consider using harden options"
      |              ^~~~~~~
In file included from /home/neginegi/projects/ps/wolfssl/wolfssl/wolfcrypt/types.h:34,
                 from /home/neginegi/projects/ps/wolfssl/wolfssl/wolfcrypt/libwolfssl_sources.h:46,
                 from /home/neginegi/projects/ps/wolfssl/wolfcrypt/src/hmac.c:23:
/home/neginegi/projects/ps/wolfssl/wolfssl/wolfcrypt/settings.h:4065:14: warning: #warning "For timing resistance / side-channel attack prevention consider using harden options" [-Wcpp]
 4065 |             #warning "For timing resistance / side-channel attack prevention consider using harden options"
      |              ^~~~~~~
In file included from /home/neginegi/projects/ps/wolfssl/wolfssl/wolfcrypt/types.h:34,
                 from /home/neginegi/projects/ps/wolfssl/wolfssl/wolfcrypt/libwolfssl_sources.h:46,
                 from /home/neginegi/projects/ps/wolfssl/wolfcrypt/src/kdf.c:22:
/home/neginegi/projects/ps/wolfssl/wolfssl/wolfcrypt/settings.h:4065:14: warning: #warning "For timing resistance / side-channel attack prevention consider using harden options" [-Wcpp]
 4065 |             #warning "For timing resistance / side-channel attack prevention consider using harden options"
      |              ^~~~~~~
In file included from /home/neginegi/projects/ps/wolfssl/wolfssl/wolfcrypt/types.h:34,
                 from /home/neginegi/projects/ps/wolfssl/wolfssl/wolfcrypt/libwolfssl_sources.h:46,
                 from /home/neginegi/projects/ps/wolfssl/wolfcrypt/src/misc.c:35:
/home/neginegi/projects/ps/wolfssl/wolfssl/wolfcrypt/settings.h:4065:14: warning: #warning "For timing resistance / side-channel attack prevention consider using harden options" [-Wcpp]
 4065 |             #warning "For timing resistance / side-channel attack prevention consider using harden options"
      |              ^~~~~~~
In file included from /home/neginegi/projects/ps/wolfssl/wolfssl/wolfcrypt/types.h:34,
                 from /home/neginegi/projects/ps/wolfssl/wolfssl/wolfcrypt/libwolfssl_sources.h:46,
                 from /home/neginegi/projects/ps/wolfssl/wolfcrypt/src/sp_int.c:30:
/home/neginegi/projects/ps/wolfssl/wolfssl/wolfcrypt/settings.h:4065:14: warning: #warning "For timing resistance / side-channel attack prevention consider using harden options" [-Wcpp]
 4065 |             #warning "For timing resistance / side-channel attack prevention consider using harden options"
      |              ^~~~~~~
In file included from /home/neginegi/projects/ps/wolfssl/wolfssl/wolfcrypt/types.h:34,
                 from /home/neginegi/projects/ps/wolfssl/wolfssl/wolfcrypt/libwolfssl_sources.h:46,
                 from /home/neginegi/projects/ps/wolfssl/wolfcrypt/src/sp_c32.c:24:
/home/neginegi/projects/ps/wolfssl/wolfssl/wolfcrypt/settings.h:4065:14: warning: #warning "For timing resistance / side-channel attack prevention consider using harden options" [-Wcpp]
 4065 |             #warning "For timing resistance / side-channel attack prevention consider using harden options"
      |              ^~~~~~~
In file included from /home/neginegi/projects/ps/wolfssl/wolfssl/wolfcrypt/types.h:34,
                 from /home/neginegi/projects/ps/wolfssl/wolfssl/wolfcrypt/libwolfssl_sources.h:46,
                 from /home/neginegi/projects/ps/wolfssl/src/wolfio.c:27:
/home/neginegi/projects/ps/wolfssl/wolfssl/wolfcrypt/settings.h:4065:14: warning: #warning "For timing resistance / side-channel attack prevention consider using harden options" [-Wcpp]
 4065 |             #warning "For timing resistance / side-channel attack prevention consider using harden options"
      |              ^~~~~~~
In file included from /home/neginegi/projects/ps/wolfssl/wolfssl/wolfcrypt/types.h:34,
                 from /home/neginegi/projects/ps/wolfssl/wolfssl/wolfcrypt/libwolfssl_sources.h:46,
                 from /home/neginegi/projects/ps/wolfssl/src/internal.c:22:
/home/neginegi/projects/ps/wolfssl/wolfssl/wolfcrypt/settings.h:4065:14: warning: #warning "For timing resistance / side-channel attack prevention consider using harden options" [-Wcpp]
 4065 |             #warning "For timing resistance / side-channel attack prevention consider using harden options"
      |              ^~~~~~~
In file included from /home/neginegi/projects/ps/wolfssl/wolfssl/wolfcrypt/types.h:34,
                 from /home/neginegi/projects/ps/wolfssl/wolfssl/wolfcrypt/libwolfssl_sources.h:46,
                 from /home/neginegi/projects/ps/wolfssl/src/keys.c:25:
/home/neginegi/projects/ps/wolfssl/wolfssl/wolfcrypt/settings.h:4065:14: warning: #warning "For timing resistance / side-channel attack prevention consider using harden options" [-Wcpp]
 4065 |             #warning "For timing resistance / side-channel attack prevention consider using harden options"
      |              ^~~~~~~
In file included from /home/neginegi/projects/ps/wolfssl/wolfssl/wolfcrypt/types.h:34,
                 from /home/neginegi/projects/ps/wolfssl/wolfssl/wolfcrypt/libwolfssl_sources.h:46,
                 from /home/neginegi/projects/ps/wolfssl/src/ssl.c:22:
/home/neginegi/projects/ps/wolfssl/wolfssl/wolfcrypt/settings.h:4065:14: warning: #warning "For timing resistance / side-channel attack prevention consider using harden options" [-Wcpp]
 4065 |             #warning "For timing resistance / side-channel attack prevention consider using harden options"
      |              ^~~~~~~
In file included from /home/neginegi/projects/ps/wolfssl/wolfssl/wolfcrypt/types.h:34,
                 from /home/neginegi/projects/ps/wolfssl/wolfssl/wolfcrypt/libwolfssl_sources.h:46,
                 from /home/neginegi/projects/ps/wolfssl/src/tls.c:22:
/home/neginegi/projects/ps/wolfssl/wolfssl/wolfcrypt/settings.h:4065:14: warning: #warning "For timing resistance / side-channel attack prevention consider using harden options" [-Wcpp]
 4065 |             #warning "For timing resistance / side-channel attack prevention consider using harden options"
      |              ^~~~~~~
